#
# There is insufficient memory for the Java Runtime Environment to continue.
# Native memory allocation (mmap) failed to map 63963136 bytes for Failed to commit area from 0x0000000715400000 to 0x0000000719100000 of length 63963136.
# Possible reasons:
#   The system is out of physical RAM or swap space
#   The process is running with CompressedOops enabled, and the Java Heap may be blocking the growth of the native heap
# Possible solutions:
#   Reduce memory load on the system
#   Increase physical memory or swap space
#   Check if swap backing store is full
#   Decrease Java heap size (-Xmx/-Xms)
#   Decrease number of Java threads
#   Decrease Java thread stack sizes (-Xss)
#   Set larger code cache with -XX:ReservedCodeCacheSize=
#   JVM is running with Zero Based Compressed Oops mode in which the Java heap is
#     placed in the first 32GB address space. The Java Heap base address is the
#     maximum limit for the native heap growth. Please use -XX:HeapBaseMinAddress
#     to set the Java Heap base and to place the Java Heap above 32GB virtual address.
# This output file may be truncated or incomplete.
#
#  Out of Memory Error (src/hotspot/os/windows/os_windows.cpp:3627), pid=3864, tid=9488
#
# JRE version: OpenJDK Runtime Environment (11.0.15) (build 11.0.15+0-b2043.56-9505619)
# Java VM: OpenJDK 64-Bit Server VM (11.0.15+0-b2043.56-9505619, mixed mode, tiered, compressed oops, g1 gc, windows-amd64)
# No core dump will be written. Minidumps are not enabled by default on client versions of Windows
#

---------------  S U M M A R Y ------------

Command Line: org.jetbrains.kotlin.cli.jvm.K2JVMCompiler @C:\Users\LEGA\AndroidStudioProjects\IPN\app\build\20230501_12410358932594137846.compiler.options

Host: Intel(R) Core(TM) i3-10100 CPU @ 3.60GHz, 8 cores, 15G,  Windows 11 , 64 bit Build 22621 (10.0.22621.1485)
Time: Mon May  1 18:37:59 2023 Central Standard Time (Mexico) elapsed time: 4.078195 seconds (0d 0h 0m 4s)

---------------  T H R E A D  ---------------

Current thread (0x000001b868a3d000):  VMThread "VM Thread" [stack: 0x0000005244d00000,0x0000005244e00000] [id=9488]

Stack: [0x0000005244d00000,0x0000005244e00000]
[error occurred during error reporting (printing stack bounds), id 0xc0000005, EXCEPTION_ACCESS_VIOLATION (0xc0000005) at pc=0x000001b84d6b112d]

Native frames: (J=compiled Java code, j=interpreted, Vv=VM code, C=native code)
V  [jvm.dll+0x64135a]
V  [jvm.dll+0x7d39f9]
V  [jvm.dll+0x7d51b9]
V  [jvm.dll+0x7d5805]
V  [jvm.dll+0x7d57bb]
V  [jvm.dll+0x640655]
V  [jvm.dll+0x640d68]
C  [ntdll.dll+0xa3cff]
C  [ntdll.dll+0x1e456]
C  [ntdll.dll+0xa2cee]
C  0x000001b84d6b112d

VM_Operation (0x00000052447fa3a0): G1CollectForAllocation, mode: safepoint, requested by thread 0x000001b849b8e000


---------------  P R O C E S S  ---------------

Threads class SMR info:
_java_thread_list=0x000001b8694caee0, length=12, elements={
0x000001b849b8e000, 0x000001b868a52800, 0x000001b868a54000, 0x000001b86930d800,
0x000001b869310000, 0x000001b869313800, 0x000001b869314800, 0x000001b86935f800,
0x000001b869362800, 0x000001b8694d2000, 0x000001b8694f0000, 0x000001b8694f1000
}

Java Threads: ( => current thread )
  0x000001b849b8e000 JavaThread "main" [_thread_blocked, id=9096, stack(0x0000005244700000,0x0000005244800000)]
  0x000001b868a52800 JavaThread "Reference Handler" daemon [_thread_blocked, id=15176, stack(0x0000005244e00000,0x0000005244f00000)]
  0x000001b868a54000 JavaThread "Finalizer" daemon [_thread_blocked, id=6172, stack(0x0000005244f00000,0x0000005245000000)]
  0x000001b86930d800 JavaThread "Signal Dispatcher" daemon [_thread_blocked, id=2616, stack(0x0000005245000000,0x0000005245100000)]
  0x000001b869310000 JavaThread "Attach Listener" daemon [_thread_blocked, id=2420, stack(0x0000005245100000,0x0000005245200000)]
  0x000001b869313800 JavaThread "Service Thread" daemon [_thread_blocked, id=12496, stack(0x0000005245200000,0x0000005245300000)]
  0x000001b869314800 JavaThread "C2 CompilerThread0" daemon [_thread_blocked, id=6256, stack(0x0000005245300000,0x0000005245400000)]
  0x000001b86935f800 JavaThread "C1 CompilerThread0" daemon [_thread_blocked, id=11476, stack(0x0000005245400000,0x0000005245500000)]
  0x000001b869362800 JavaThread "Sweeper thread" daemon [_thread_blocked, id=5900, stack(0x0000005245500000,0x0000005245600000)]
  0x000001b8694d2000 JavaThread "Common-Cleaner" daemon [_thread_blocked, id=15968, stack(0x0000005245700000,0x0000005245800000)]
  0x000001b8694f0000 JavaThread "C2 CompilerThread1" daemon [_thread_blocked, id=4192, stack(0x0000005245800000,0x0000005245900000)]
  0x000001b8694f1000 JavaThread "C2 CompilerThread2" daemon [_thread_blocked, id=9344, stack(0x0000005245900000,0x0000005245a00000)]

Other Threads:
=>0x000001b868a3d000 VMThread "VM Thread" [stack: 0x0000005244d00000,0x0000005244e00000] [id=9488]
  0x000001b8694cb800 WatcherThread [stack: 0x0000005245600000,0x0000005245700000] [id=6616]
  0x000001b849ba6000 GCTaskThread "GC Thread#0" [stack: 0x0000005244800000,0x0000005244900000] [id=13020]
  0x000001b869abf000 GCTaskThread "GC Thread#1" [stack: 0x0000005245a00000,0x0000005245b00000] [id=6576]
  0x000001b869abc000 GCTaskThread "GC Thread#2" [stack: 0x0000005245b00000,0x0000005245c00000] [id=328]
  0x000001b869ac0000 GCTaskThread "GC Thread#3" [stack: 0x0000005245c00000,0x0000005245d00000] [id=16956]
  0x000001b869ac0800 GCTaskThread "GC Thread#4" [stack: 0x0000005245d00000,0x0000005245e00000] [id=14200]
  0x000001b869abb800 GCTaskThread "GC Thread#5" [stack: 0x0000005245e00000,0x0000005245f00000] [id=3384]
  0x000001b849c01800 ConcurrentGCThread "G1 Main Marker" [stack: 0x0000005244900000,0x0000005244a00000] [id=1544]
  0x000001b849c05800 ConcurrentGCThread "G1 Conc#0" [stack: 0x0000005244a00000,0x0000005244b00000] [id=13148]
  0x000001b869abe800 ConcurrentGCThread "G1 Conc#1" [stack: 0x0000005245f00000,0x0000005246000000] [id=8152]
  0x000001b868926800 ConcurrentGCThread "G1 Refine#0" [stack: 0x0000005244b00000,0x0000005244c00000] [id=11700]
  0x000001b86a865000 ConcurrentGCThread "G1 Refine#1" [stack: 0x0000005246000000,0x0000005246100000] [id=14000]
  0x000001b86abe4000 ConcurrentGCThread "G1 Refine#2" [stack: 0x0000005246100000,0x0000005246200000] [id=8176]
  0x000001b869f49000 ConcurrentGCThread "G1 Refine#3" [stack: 0x0000005246200000,0x0000005246300000] [id=6312]
  0x000001b86b27b800 ConcurrentGCThread "G1 Refine#4" [stack: 0x0000005246300000,0x0000005246400000] [id=13144]
  0x000001b868929800 ConcurrentGCThread "G1 Young RemSet Sampling" [stack: 0x0000005244c00000,0x0000005244d00000] [id=14492]

Threads with active compile tasks:
C2 CompilerThread0     4083 6826       4       org.jetbrains.kotlin.serialization.deserialization.descriptors.DeserializedMemberScope::getContributedFunctions (24 bytes)
C2 CompilerThread1     4083 6804       4       org.jetbrains.kotlin.cli.jvm.index.JvmDependenciesIndexImpl::search (379 bytes)
C2 CompilerThread2     4083 6839       4       org.jetbrains.org.objectweb.asm.ClassReader::readMethod (1061 bytes)

VM state:at safepoint (normal execution)

VM Mutex/Monitor currently owned by a thread:  ([mutex/lock_event])
[0x000001b849b8a6d0] Threads_lock - owner thread: 0x000001b868a3d000
[0x000001b849b8b3c0] Heap_lock - owner thread: 0x000001b849b8e000

Heap address: 0x0000000705800000, size: 4008 MB, Compressed Oops mode: Zero based, Oop shift amount: 3
Narrow klass base: 0x0000000800000000, Narrow klass shift: 0
Compressed class space size: 1073741824 Address: 0x0000000800000000

Heap:
 garbage-first heap   total 320512K, used 52886K [0x0000000705800000, 0x0000000800000000)
  region size 1024K, 16 young (16384K), 16 survivors (16384K)
 Metaspace       used 57472K, capacity 58061K, committed 58192K, reserved 1101824K
  class space    used 6430K, capacity 6672K, committed 6740K, reserved 1048576K
Heap Regions: E=young(eden), S=young(survivor), O=old, HS=humongous(starts), HC=humongous(continues), CS=collection set, F=free, A=archive, TAMS=top-at-mark-start (previous, next)
|   0|0x0000000705800000, 0x0000000705900000, 0x0000000705900000|100%|HS|  |TAMS 0x0000000705900000, 0x0000000705800000| Complete 
|   1|0x0000000705900000, 0x0000000705a00000, 0x0000000705a00000|100%|HC|  |TAMS 0x0000000705a00000, 0x0000000705900000| Complete 
|   2|0x0000000705a00000, 0x0000000705b00000, 0x0000000705b00000|100%|HC|  |TAMS 0x0000000705b00000, 0x0000000705a00000| Complete 
|   3|0x0000000705b00000, 0x0000000705c00000, 0x0000000705c00000|100%|HC|  |TAMS 0x0000000705c00000, 0x0000000705b00000| Complete 
|   4|0x0000000705c00000, 0x0000000705d00000, 0x0000000705d00000|100%|HS|  |TAMS 0x0000000705d00000, 0x0000000705c00000| Complete 
|   5|0x0000000705d00000, 0x0000000705e00000, 0x0000000705e00000|100%|HC|  |TAMS 0x0000000705e00000, 0x0000000705d00000| Complete 
|   6|0x0000000705e00000, 0x0000000705f00000, 0x0000000705f00000|100%|HC|  |TAMS 0x0000000705f00000, 0x0000000705e00000| Complete 
|   7|0x0000000705f00000, 0x0000000706000000, 0x0000000706000000|100%|HC|  |TAMS 0x0000000706000000, 0x0000000705f00000| Complete 
|   8|0x0000000706000000, 0x0000000706100000, 0x0000000706100000|100%| O|  |TAMS 0x0000000706000000, 0x0000000706000000| Untracked 
|   9|0x0000000706100000, 0x0000000706200000, 0x0000000706200000|100%| O|  |TAMS 0x0000000706100000, 0x0000000706100000| Untracked 
|  10|0x0000000706200000, 0x0000000706300000, 0x0000000706300000|100%| O|  |TAMS 0x0000000706300000, 0x0000000706200000| Untracked 
|  11|0x0000000706300000, 0x0000000706400000, 0x0000000706400000|100%| O|  |TAMS 0x0000000706400000, 0x0000000706300000| Untracked 
|  12|0x0000000706400000, 0x0000000706500000, 0x0000000706500000|100%| O|  |TAMS 0x0000000706500000, 0x0000000706400000| Untracked 
|  13|0x0000000706500000, 0x0000000706600000, 0x0000000706600000|100%| O|  |TAMS 0x0000000706600000, 0x0000000706500000| Untracked 
|  14|0x0000000706600000, 0x0000000706700000, 0x0000000706700000|100%| O|  |TAMS 0x0000000706700000, 0x0000000706600000| Untracked 
|  15|0x0000000706700000, 0x0000000706800000, 0x0000000706800000|100%| O|  |TAMS 0x0000000706800000, 0x0000000706700000| Untracked 
|  16|0x0000000706800000, 0x0000000706900000, 0x0000000706900000|100%| O|  |TAMS 0x0000000706900000, 0x0000000706800000| Untracked 
|  17|0x0000000706900000, 0x0000000706a00000, 0x0000000706a00000|100%| O|  |TAMS 0x0000000706a00000, 0x0000000706900000| Untracked 
|  18|0x0000000706a00000, 0x0000000706b00000, 0x0000000706b00000|100%| O|  |TAMS 0x0000000706b00000, 0x0000000706a00000| Untracked 
|  19|0x0000000706b00000, 0x0000000706c00000, 0x0000000706c00000|100%| O|  |TAMS 0x0000000706c00000, 0x0000000706b00000| Untracked 
|  20|0x0000000706c00000, 0x0000000706d00000, 0x0000000706d00000|100%| O|  |TAMS 0x0000000706d00000, 0x0000000706c00000| Untracked 
|  21|0x0000000706d00000, 0x0000000706e00000, 0x0000000706e00000|100%| O|  |TAMS 0x0000000706e00000, 0x0000000706d00000| Untracked 
|  22|0x0000000706e00000, 0x0000000706f00000, 0x0000000706f00000|100%| O|  |TAMS 0x0000000706f00000, 0x0000000706e00000| Untracked 
|  23|0x0000000706f00000, 0x0000000707000000, 0x0000000707000000|100%| O|  |TAMS 0x0000000707000000, 0x0000000706f00000| Untracked 
|  24|0x0000000707000000, 0x0000000707100000, 0x0000000707100000|100%| O|  |TAMS 0x0000000707100000, 0x0000000707000000| Untracked 
|  25|0x0000000707100000, 0x0000000707200000, 0x0000000707200000|100%| O|  |TAMS 0x0000000707100000, 0x0000000707100000| Untracked 
|  26|0x0000000707200000, 0x0000000707300000, 0x0000000707300000|100%|HS|  |TAMS 0x0000000707300000, 0x0000000707200000| Complete 
|  27|0x0000000707300000, 0x0000000707400000, 0x0000000707400000|100%|HC|  |TAMS 0x0000000707400000, 0x0000000707300000| Complete 
|  28|0x0000000707400000, 0x0000000707500000, 0x0000000707500000|100%| O|  |TAMS 0x0000000707400000, 0x0000000707400000| Untracked 
|  29|0x0000000707500000, 0x0000000707600000, 0x0000000707600000|100%| O|  |TAMS 0x0000000707500000, 0x0000000707500000| Untracked 
|  30|0x0000000707600000, 0x0000000707700000, 0x0000000707700000|100%| O|  |TAMS 0x0000000707600000, 0x0000000707600000| Untracked 
|  31|0x0000000707700000, 0x0000000707800000, 0x0000000707800000|100%| O|  |TAMS 0x0000000707700000, 0x0000000707700000| Untracked 
|  32|0x0000000707800000, 0x0000000707900000, 0x0000000707900000|100%| O|  |TAMS 0x0000000707800000, 0x0000000707800000| Untracked 
|  33|0x0000000707900000, 0x0000000707a00000, 0x0000000707a00000|100%| O|  |TAMS 0x0000000707900000, 0x0000000707900000| Untracked 
|  34|0x0000000707a00000, 0x0000000707b00000, 0x0000000707b00000|100%| O|  |TAMS 0x0000000707a00000, 0x0000000707a00000| Untracked 
|  35|0x0000000707b00000, 0x0000000707ba5800, 0x0000000707c00000| 64%| O|  |TAMS 0x0000000707b00000, 0x0000000707b00000| Untracked 
|  36|0x0000000707c00000, 0x0000000707c00000, 0x0000000707d00000|  0%| F|  |TAMS 0x0000000707c00000, 0x0000000707c00000| Untracked 
|  37|0x0000000707d00000, 0x0000000707d00000, 0x0000000707e00000|  0%| F|  |TAMS 0x0000000707d00000, 0x0000000707d00000| Untracked 
|  38|0x0000000707e00000, 0x0000000707e00000, 0x0000000707f00000|  0%| F|  |TAMS 0x0000000707e00000, 0x0000000707e00000| Untracked 
|  39|0x0000000707f00000, 0x0000000707f00000, 0x0000000708000000|  0%| F|  |TAMS 0x0000000707f00000, 0x0000000707f00000| Untracked 
|  40|0x0000000708000000, 0x0000000708000000, 0x0000000708100000|  0%| F|  |TAMS 0x0000000708000000, 0x0000000708000000| Untracked 
|  41|0x0000000708100000, 0x0000000708100000, 0x0000000708200000|  0%| F|  |TAMS 0x0000000708100000, 0x0000000708100000| Untracked 
|  42|0x0000000708200000, 0x0000000708200000, 0x0000000708300000|  0%| F|  |TAMS 0x0000000708200000, 0x0000000708200000| Untracked 
|  43|0x0000000708300000, 0x0000000708300000, 0x0000000708400000|  0%| F|  |TAMS 0x0000000708300000, 0x0000000708300000| Untracked 
|  44|0x0000000708400000, 0x0000000708400000, 0x0000000708500000|  0%| F|  |TAMS 0x0000000708400000, 0x0000000708400000| Untracked 
|  45|0x0000000708500000, 0x0000000708500000, 0x0000000708600000|  0%| F|  |TAMS 0x0000000708500000, 0x0000000708500000| Untracked 
|  46|0x0000000708600000, 0x0000000708600000, 0x0000000708700000|  0%| F|  |TAMS 0x0000000708600000, 0x0000000708600000| Untracked 
|  47|0x0000000708700000, 0x0000000708700000, 0x0000000708800000|  0%| F|  |TAMS 0x0000000708700000, 0x0000000708700000| Untracked 
|  48|0x0000000708800000, 0x0000000708800000, 0x0000000708900000|  0%| F|  |TAMS 0x0000000708800000, 0x0000000708800000| Untracked 
|  49|0x0000000708900000, 0x0000000708900000, 0x0000000708a00000|  0%| F|  |TAMS 0x0000000708900000, 0x0000000708900000| Untracked 
|  50|0x0000000708a00000, 0x0000000708a00000, 0x0000000708b00000|  0%| F|  |TAMS 0x0000000708a00000, 0x0000000708a00000| Untracked 
|  51|0x0000000708b00000, 0x0000000708b00000, 0x0000000708c00000|  0%| F|  |TAMS 0x0000000708b00000, 0x0000000708b00000| Untracked 
|  52|0x0000000708c00000, 0x0000000708c00000, 0x0000000708d00000|  0%| F|  |TAMS 0x0000000708c00000, 0x0000000708c00000| Untracked 
|  53|0x0000000708d00000, 0x0000000708d00000, 0x0000000708e00000|  0%| F|  |TAMS 0x0000000708d00000, 0x0000000708d00000| Untracked 
|  54|0x0000000708e00000, 0x0000000708e00000, 0x0000000708f00000|  0%| F|  |TAMS 0x0000000708e00000, 0x0000000708e00000| Untracked 
|  55|0x0000000708f00000, 0x0000000708f00000, 0x0000000709000000|  0%| F|  |TAMS 0x0000000708f00000, 0x0000000708f00000| Untracked 
|  56|0x0000000709000000, 0x0000000709000000, 0x0000000709100000|  0%| F|  |TAMS 0x0000000709000000, 0x0000000709000000| Untracked 
|  57|0x0000000709100000, 0x0000000709100000, 0x0000000709200000|  0%| F|  |TAMS 0x0000000709100000, 0x0000000709100000| Untracked 
|  58|0x0000000709200000, 0x0000000709200000, 0x0000000709300000|  0%| F|  |TAMS 0x0000000709200000, 0x0000000709200000| Untracked 
|  59|0x0000000709300000, 0x0000000709300000, 0x0000000709400000|  0%| F|  |TAMS 0x0000000709300000, 0x0000000709300000| Untracked 
|  60|0x0000000709400000, 0x0000000709400000, 0x0000000709500000|  0%| F|  |TAMS 0x0000000709400000, 0x0000000709400000| Untracked 
|  61|0x0000000709500000, 0x0000000709500000, 0x0000000709600000|  0%| F|  |TAMS 0x0000000709500000, 0x0000000709500000| Untracked 
|  62|0x0000000709600000, 0x0000000709600000, 0x0000000709700000|  0%| F|  |TAMS 0x0000000709600000, 0x0000000709600000| Untracked 
|  63|0x0000000709700000, 0x0000000709700000, 0x0000000709800000|  0%| F|  |TAMS 0x0000000709700000, 0x0000000709700000| Untracked 
|  64|0x0000000709800000, 0x0000000709800000, 0x0000000709900000|  0%| F|  |TAMS 0x0000000709800000, 0x0000000709800000| Untracked 
|  65|0x0000000709900000, 0x0000000709900000, 0x0000000709a00000|  0%| F|  |TAMS 0x0000000709900000, 0x0000000709900000| Untracked 
|  66|0x0000000709a00000, 0x0000000709a00000, 0x0000000709b00000|  0%| F|  |TAMS 0x0000000709a00000, 0x0000000709a00000| Untracked 
|  67|0x0000000709b00000, 0x0000000709b00000, 0x0000000709c00000|  0%| F|  |TAMS 0x0000000709b00000, 0x0000000709b00000| Untracked 
|  68|0x0000000709c00000, 0x0000000709c00000, 0x0000000709d00000|  0%| F|  |TAMS 0x0000000709c00000, 0x0000000709c00000| Untracked 
|  69|0x0000000709d00000, 0x0000000709d00000, 0x0000000709e00000|  0%| F|  |TAMS 0x0000000709d00000, 0x0000000709d00000| Untracked 
|  70|0x0000000709e00000, 0x0000000709e00000, 0x0000000709f00000|  0%| F|  |TAMS 0x0000000709e00000, 0x0000000709e00000| Untracked 
|  71|0x0000000709f00000, 0x0000000709f00000, 0x000000070a000000|  0%| F|  |TAMS 0x0000000709f00000, 0x0000000709f00000| Untracked 
|  72|0x000000070a000000, 0x000000070a000000, 0x000000070a100000|  0%| F|  |TAMS 0x000000070a000000, 0x000000070a000000| Untracked 
|  73|0x000000070a100000, 0x000000070a100000, 0x000000070a200000|  0%| F|  |TAMS 0x000000070a100000, 0x000000070a100000| Untracked 
|  74|0x000000070a200000, 0x000000070a200000, 0x000000070a300000|  0%| F|  |TAMS 0x000000070a200000, 0x000000070a200000| Untracked 
|  75|0x000000070a300000, 0x000000070a300000, 0x000000070a400000|  0%| F|  |TAMS 0x000000070a300000, 0x000000070a300000| Untracked 
|  76|0x000000070a400000, 0x000000070a400000, 0x000000070a500000|  0%| F|  |TAMS 0x000000070a400000, 0x000000070a400000| Untracked 
|  77|0x000000070a500000, 0x000000070a500000, 0x000000070a600000|  0%| F|  |TAMS 0x000000070a500000, 0x000000070a500000| Untracked 
|  78|0x000000070a600000, 0x000000070a600000, 0x000000070a700000|  0%| F|  |TAMS 0x000000070a600000, 0x000000070a600000| Untracked 
|  79|0x000000070a700000, 0x000000070a700000, 0x000000070a800000|  0%| F|  |TAMS 0x000000070a700000, 0x000000070a700000| Untracked 
|  80|0x000000070a800000, 0x000000070a800000, 0x000000070a900000|  0%| F|  |TAMS 0x000000070a800000, 0x000000070a800000| Untracked 
|  81|0x000000070a900000, 0x000000070a900000, 0x000000070aa00000|  0%| F|  |TAMS 0x000000070a900000, 0x000000070a900000| Untracked 
|  82|0x000000070aa00000, 0x000000070aa00000, 0x000000070ab00000|  0%| F|  |TAMS 0x000000070aa00000, 0x000000070aa00000| Untracked 
|  83|0x000000070ab00000, 0x000000070ab00000, 0x000000070ac00000|  0%| F|  |TAMS 0x000000070ab00000, 0x000000070ab00000| Untracked 
|  84|0x000000070ac00000, 0x000000070ac00000, 0x000000070ad00000|  0%| F|  |TAMS 0x000000070ac00000, 0x000000070ac00000| Untracked 
|  85|0x000000070ad00000, 0x000000070ad00000, 0x000000070ae00000|  0%| F|  |TAMS 0x000000070ad00000, 0x000000070ad00000| Untracked 
|  86|0x000000070ae00000, 0x000000070ae00000, 0x000000070af00000|  0%| F|  |TAMS 0x000000070ae00000, 0x000000070ae00000| Untracked 
|  87|0x000000070af00000, 0x000000070af00000, 0x000000070b000000|  0%| F|  |TAMS 0x000000070af00000, 0x000000070af00000| Untracked 
|  88|0x000000070b000000, 0x000000070b000000, 0x000000070b100000|  0%| F|  |TAMS 0x000000070b000000, 0x000000070b000000| Untracked 
|  89|0x000000070b100000, 0x000000070b100000, 0x000000070b200000|  0%| F|  |TAMS 0x000000070b100000, 0x000000070b100000| Untracked 
|  90|0x000000070b200000, 0x000000070b200000, 0x000000070b300000|  0%| F|  |TAMS 0x000000070b200000, 0x000000070b200000| Untracked 
|  91|0x000000070b300000, 0x000000070b300000, 0x000000070b400000|  0%| F|  |TAMS 0x000000070b300000, 0x000000070b300000| Untracked 
|  92|0x000000070b400000, 0x000000070b400000, 0x000000070b500000|  0%| F|  |TAMS 0x000000070b400000, 0x000000070b400000| Untracked 
|  93|0x000000070b500000, 0x000000070b500000, 0x000000070b600000|  0%| F|  |TAMS 0x000000070b500000, 0x000000070b500000| Untracked 
|  94|0x000000070b600000, 0x000000070b600000, 0x000000070b700000|  0%| F|  |TAMS 0x000000070b600000, 0x000000070b600000| Untracked 
|  95|0x000000070b700000, 0x000000070b700000, 0x000000070b800000|  0%| F|  |TAMS 0x000000070b700000, 0x000000070b700000| Untracked 
|  96|0x000000070b800000, 0x000000070b800000, 0x000000070b900000|  0%| F|  |TAMS 0x000000070b800000, 0x000000070b800000| Untracked 
|  97|0x000000070b900000, 0x000000070b900000, 0x000000070ba00000|  0%| F|  |TAMS 0x000000070b900000, 0x000000070b900000| Untracked 
|  98|0x000000070ba00000, 0x000000070ba00000, 0x000000070bb00000|  0%| F|  |TAMS 0x000000070ba00000, 0x000000070ba00000| Untracked 
|  99|0x000000070bb00000, 0x000000070bb00000, 0x000000070bc00000|  0%| F|  |TAMS 0x000000070bb00000, 0x000000070bb00000| Untracked 
| 100|0x000000070bc00000, 0x000000070bc00000, 0x000000070bd00000|  0%| F|  |TAMS 0x000000070bc00000, 0x000000070bc00000| Untracked 
| 101|0x000000070bd00000, 0x000000070bd00000, 0x000000070be00000|  0%| F|  |TAMS 0x000000070bd00000, 0x000000070bd00000| Untracked 
| 102|0x000000070be00000, 0x000000070be00000, 0x000000070bf00000|  0%| F|  |TAMS 0x000000070be00000, 0x000000070be00000| Untracked 
| 103|0x000000070bf00000, 0x000000070bf00000, 0x000000070c000000|  0%| F|  |TAMS 0x000000070bf00000, 0x000000070bf00000| Untracked 
| 104|0x000000070c000000, 0x000000070c000000, 0x000000070c100000|  0%| F|  |TAMS 0x000000070c000000, 0x000000070c000000| Untracked 
| 105|0x000000070c100000, 0x000000070c100000, 0x000000070c200000|  0%| F|  |TAMS 0x000000070c100000, 0x000000070c100000| Untracked 
| 106|0x000000070c200000, 0x000000070c200000, 0x000000070c300000|  0%| F|  |TAMS 0x000000070c200000, 0x000000070c200000| Untracked 
| 107|0x000000070c300000, 0x000000070c300000, 0x000000070c400000|  0%| F|  |TAMS 0x000000070c300000, 0x000000070c300000| Untracked 
| 108|0x000000070c400000, 0x000000070c400000, 0x000000070c500000|  0%| F|  |TAMS 0x000000070c400000, 0x000000070c400000| Untracked 
| 109|0x000000070c500000, 0x000000070c500000, 0x000000070c600000|  0%| F|  |TAMS 0x000000070c500000, 0x000000070c500000| Untracked 
| 110|0x000000070c600000, 0x000000070c600000, 0x000000070c700000|  0%| F|  |TAMS 0x000000070c600000, 0x000000070c600000| Untracked 
| 111|0x000000070c700000, 0x000000070c700000, 0x000000070c800000|  0%| F|  |TAMS 0x000000070c700000, 0x000000070c700000| Untracked 
| 112|0x000000070c800000, 0x000000070c800000, 0x000000070c900000|  0%| F|  |TAMS 0x000000070c800000, 0x000000070c800000| Untracked 
| 113|0x000000070c900000, 0x000000070ca00000, 0x000000070ca00000|100%| S|CS|TAMS 0x000000070c900000, 0x000000070c900000| Complete 
| 114|0x000000070ca00000, 0x000000070cb00000, 0x000000070cb00000|100%| S|CS|TAMS 0x000000070ca00000, 0x000000070ca00000| Complete 
| 115|0x000000070cb00000, 0x000000070cc00000, 0x000000070cc00000|100%| S|CS|TAMS 0x000000070cb00000, 0x000000070cb00000| Complete 
| 116|0x000000070cc00000, 0x000000070cd00000, 0x000000070cd00000|100%| S|CS|TAMS 0x000000070cc00000, 0x000000070cc00000| Complete 
| 117|0x000000070cd00000, 0x000000070ce00000, 0x000000070ce00000|100%| S|CS|TAMS 0x000000070cd00000, 0x000000070cd00000| Complete 
| 118|0x000000070ce00000, 0x000000070cf00000, 0x000000070cf00000|100%| S|CS|TAMS 0x000000070ce00000, 0x000000070ce00000| Complete 
| 119|0x000000070cf00000, 0x000000070d000000, 0x000000070d000000|100%| S|CS|TAMS 0x000000070cf00000, 0x000000070cf00000| Complete 
| 120|0x000000070d000000, 0x000000070d100000, 0x000000070d100000|100%| S|CS|TAMS 0x000000070d000000, 0x000000070d000000| Complete 
| 121|0x000000070d100000, 0x000000070d200000, 0x000000070d200000|100%| S|CS|TAMS 0x000000070d100000, 0x000000070d100000| Complete 
| 122|0x000000070d200000, 0x000000070d300000, 0x000000070d300000|100%| S|CS|TAMS 0x000000070d200000, 0x000000070d200000| Complete 
| 123|0x000000070d300000, 0x000000070d400000, 0x000000070d400000|100%| S|CS|TAMS 0x000000070d300000, 0x000000070d300000| Complete 
| 124|0x000000070d400000, 0x000000070d500000, 0x000000070d500000|100%| S|CS|TAMS 0x000000070d400000, 0x000000070d400000| Complete 
| 125|0x000000070d500000, 0x000000070d600000, 0x000000070d600000|100%| S|CS|TAMS 0x000000070d500000, 0x000000070d500000| Complete 
| 126|0x000000070d600000, 0x000000070d700000, 0x000000070d700000|100%| S|CS|TAMS 0x000000070d600000, 0x000000070d600000| Complete 
| 127|0x000000070d700000, 0x000000070d800000, 0x000000070d800000|100%| S|CS|TAMS 0x000000070d700000, 0x000000070d700000| Complete 
| 128|0x000000070d800000, 0x000000070d900000, 0x000000070d900000|100%| S|CS|TAMS 0x000000070d800000, 0x000000070d800000| Complete 
| 129|0x000000070d900000, 0x000000070d900000, 0x000000070da00000|  0%| F|  |TAMS 0x000000070d900000, 0x000000070d900000| Untracked 
| 130|0x000000070da00000, 0x000000070da00000, 0x000000070db00000|  0%| F|  |TAMS 0x000000070da00000, 0x000000070da00000| Untracked 
| 131|0x000000070db00000, 0x000000070db00000, 0x000000070dc00000|  0%| F|  |TAMS 0x000000070db00000, 0x000000070db00000| Untracked 
| 132|0x000000070dc00000, 0x000000070dc00000, 0x000000070dd00000|  0%| F|  |TAMS 0x000000070dc00000, 0x000000070dc00000| Untracked 
| 133|0x000000070dd00000, 0x000000070dd00000, 0x000000070de00000|  0%| F|  |TAMS 0x000000070dd00000, 0x000000070dd00000| Untracked 
| 134|0x000000070de00000, 0x000000070de00000, 0x000000070df00000|  0%| F|  |TAMS 0x000000070de00000, 0x000000070de00000| Untracked 
| 135|0x000000070df00000, 0x000000070df00000, 0x000000070e000000|  0%| F|  |TAMS 0x000000070df00000, 0x000000070df00000| Untracked 
| 136|0x000000070e000000, 0x000000070e000000, 0x000000070e100000|  0%| F|  |TAMS 0x000000070e000000, 0x000000070e000000| Untracked 
| 137|0x000000070e100000, 0x000000070e100000, 0x000000070e200000|  0%| F|  |TAMS 0x000000070e100000, 0x000000070e100000| Untracked 
| 138|0x000000070e200000, 0x000000070e200000, 0x000000070e300000|  0%| F|  |TAMS 0x000000070e200000, 0x000000070e200000| Untracked 
| 139|0x000000070e300000, 0x000000070e300000, 0x000000070e400000|  0%| F|  |TAMS 0x000000070e300000, 0x000000070e300000| Untracked 
| 140|0x000000070e400000, 0x000000070e400000, 0x000000070e500000|  0%| F|  |TAMS 0x000000070e400000, 0x000000070e400000| Untracked 
| 141|0x000000070e500000, 0x000000070e500000, 0x000000070e600000|  0%| F|  |TAMS 0x000000070e500000, 0x000000070e500000| Untracked 
| 142|0x000000070e600000, 0x000000070e600000, 0x000000070e700000|  0%| F|  |TAMS 0x000000070e600000, 0x000000070e600000| Untracked 
| 143|0x000000070e700000, 0x000000070e700000, 0x000000070e800000|  0%| F|  |TAMS 0x000000070e700000, 0x000000070e700000| Untracked 
| 144|0x000000070e800000, 0x000000070e800000, 0x000000070e900000|  0%| F|  |TAMS 0x000000070e800000, 0x000000070e800000| Untracked 
| 145|0x000000070e900000, 0x000000070e900000, 0x000000070ea00000|  0%| F|  |TAMS 0x000000070e900000, 0x000000070e900000| Untracked 
| 146|0x000000070ea00000, 0x000000070ea00000, 0x000000070eb00000|  0%| F|  |TAMS 0x000000070ea00000, 0x000000070ea00000| Untracked 
| 147|0x000000070eb00000, 0x000000070eb00000, 0x000000070ec00000|  0%| F|  |TAMS 0x000000070eb00000, 0x000000070eb00000| Untracked 
| 148|0x000000070ec00000, 0x000000070ec00000, 0x000000070ed00000|  0%| F|  |TAMS 0x000000070ec00000, 0x000000070ec00000| Untracked 
| 149|0x000000070ed00000, 0x000000070ed00000, 0x000000070ee00000|  0%| F|  |TAMS 0x000000070ed00000, 0x000000070ed00000| Untracked 
| 150|0x000000070ee00000, 0x000000070ee00000, 0x000000070ef00000|  0%| F|  |TAMS 0x000000070ee00000, 0x000000070ee00000| Untracked 
| 151|0x000000070ef00000, 0x000000070ef00000, 0x000000070f000000|  0%| F|  |TAMS 0x000000070ef00000, 0x000000070ef00000| Untracked 
| 152|0x000000070f000000, 0x000000070f000000, 0x000000070f100000|  0%| F|  |TAMS 0x000000070f000000, 0x000000070f000000| Untracked 
| 153|0x000000070f100000, 0x000000070f100000, 0x000000070f200000|  0%| F|  |TAMS 0x000000070f100000, 0x000000070f100000| Untracked 
| 154|0x000000070f200000, 0x000000070f200000, 0x000000070f300000|  0%| F|  |TAMS 0x000000070f200000, 0x000000070f200000| Untracked 
| 155|0x000000070f300000, 0x000000070f300000, 0x000000070f400000|  0%| F|  |TAMS 0x000000070f300000, 0x000000070f300000| Untracked 
| 156|0x000000070f400000, 0x000000070f400000, 0x000000070f500000|  0%| F|  |TAMS 0x000000070f400000, 0x000000070f400000| Untracked 
| 157|0x000000070f500000, 0x000000070f500000, 0x000000070f600000|  0%| F|  |TAMS 0x000000070f500000, 0x000000070f500000| Untracked 
| 158|0x000000070f600000, 0x000000070f600000, 0x000000070f700000|  0%| F|  |TAMS 0x000000070f600000, 0x000000070f600000| Untracked 
| 159|0x000000070f700000, 0x000000070f700000, 0x000000070f800000|  0%| F|  |TAMS 0x000000070f700000, 0x000000070f700000| Untracked 
| 160|0x000000070f800000, 0x000000070f800000, 0x000000070f900000|  0%| F|  |TAMS 0x000000070f800000, 0x000000070f800000| Untracked 
| 161|0x000000070f900000, 0x000000070f900000, 0x000000070fa00000|  0%| F|  |TAMS 0x000000070f900000, 0x000000070f900000| Untracked 
| 162|0x000000070fa00000, 0x000000070fa00000, 0x000000070fb00000|  0%| F|  |TAMS 0x000000070fa00000, 0x000000070fa00000| Untracked 
| 163|0x000000070fb00000, 0x000000070fb00000, 0x000000070fc00000|  0%| F|  |TAMS 0x000000070fb00000, 0x000000070fb00000| Untracked 
| 164|0x000000070fc00000, 0x000000070fc00000, 0x000000070fd00000|  0%| F|  |TAMS 0x000000070fc00000, 0x000000070fc00000| Untracked 
| 165|0x000000070fd00000, 0x000000070fd00000, 0x000000070fe00000|  0%| F|  |TAMS 0x000000070fd00000, 0x000000070fd00000| Untracked 
| 166|0x000000070fe00000, 0x000000070fe00000, 0x000000070ff00000|  0%| F|  |TAMS 0x000000070fe00000, 0x000000070fe00000| Untracked 
| 167|0x000000070ff00000, 0x000000070ff00000, 0x0000000710000000|  0%| F|  |TAMS 0x000000070ff00000, 0x000000070ff00000| Untracked 
| 168|0x0000000710000000, 0x0000000710000000, 0x0000000710100000|  0%| F|  |TAMS 0x0000000710000000, 0x0000000710000000| Untracked 
| 169|0x0000000710100000, 0x0000000710100000, 0x0000000710200000|  0%| F|  |TAMS 0x0000000710100000, 0x0000000710100000| Untracked 
| 170|0x0000000710200000, 0x0000000710200000, 0x0000000710300000|  0%| F|  |TAMS 0x0000000710200000, 0x0000000710200000| Untracked 
| 171|0x0000000710300000, 0x0000000710300000, 0x0000000710400000|  0%| F|  |TAMS 0x0000000710300000, 0x0000000710300000| Untracked 
| 172|0x0000000710400000, 0x0000000710400000, 0x0000000710500000|  0%| F|  |TAMS 0x0000000710400000, 0x0000000710400000| Untracked 
| 173|0x0000000710500000, 0x0000000710500000, 0x0000000710600000|  0%| F|  |TAMS 0x0000000710500000, 0x0000000710500000| Untracked 
| 174|0x0000000710600000, 0x0000000710600000, 0x0000000710700000|  0%| F|  |TAMS 0x0000000710600000, 0x0000000710600000| Untracked 
| 175|0x0000000710700000, 0x0000000710700000, 0x0000000710800000|  0%| F|  |TAMS 0x0000000710700000, 0x0000000710700000| Untracked 
| 176|0x0000000710800000, 0x0000000710800000, 0x0000000710900000|  0%| F|  |TAMS 0x0000000710800000, 0x0000000710800000| Untracked 
| 177|0x0000000710900000, 0x0000000710900000, 0x0000000710a00000|  0%| F|  |TAMS 0x0000000710900000, 0x0000000710900000| Untracked 
| 178|0x0000000710a00000, 0x0000000710a00000, 0x0000000710b00000|  0%| F|  |TAMS 0x0000000710a00000, 0x0000000710a00000| Untracked 
| 179|0x0000000710b00000, 0x0000000710b00000, 0x0000000710c00000|  0%| F|  |TAMS 0x0000000710b00000, 0x0000000710b00000| Untracked 
| 180|0x0000000710c00000, 0x0000000710c00000, 0x0000000710d00000|  0%| F|  |TAMS 0x0000000710c00000, 0x0000000710c00000| Untracked 
| 181|0x0000000710d00000, 0x0000000710d00000, 0x0000000710e00000|  0%| F|  |TAMS 0x0000000710d00000, 0x0000000710d00000| Untracked 
| 182|0x0000000710e00000, 0x0000000710e00000, 0x0000000710f00000|  0%| F|  |TAMS 0x0000000710e00000, 0x0000000710e00000| Untracked 
| 183|0x0000000710f00000, 0x0000000710f00000, 0x0000000711000000|  0%| F|  |TAMS 0x0000000710f00000, 0x0000000710f00000| Untracked 
| 184|0x0000000711000000, 0x0000000711000000, 0x0000000711100000|  0%| F|  |TAMS 0x0000000711000000, 0x0000000711000000| Untracked 
| 185|0x0000000711100000, 0x0000000711100000, 0x0000000711200000|  0%| F|  |TAMS 0x0000000711100000, 0x0000000711100000| Untracked 
| 186|0x0000000711200000, 0x0000000711200000, 0x0000000711300000|  0%| F|  |TAMS 0x0000000711200000, 0x0000000711200000| Untracked 
| 187|0x0000000711300000, 0x0000000711300000, 0x0000000711400000|  0%| F|  |TAMS 0x0000000711300000, 0x0000000711300000| Untracked 
| 188|0x0000000711400000, 0x0000000711400000, 0x0000000711500000|  0%| F|  |TAMS 0x0000000711400000, 0x0000000711400000| Untracked 
| 189|0x0000000711500000, 0x0000000711500000, 0x0000000711600000|  0%| F|  |TAMS 0x0000000711500000, 0x0000000711500000| Untracked 
| 190|0x0000000711600000, 0x0000000711600000, 0x0000000711700000|  0%| F|  |TAMS 0x0000000711600000, 0x0000000711600000| Untracked 
| 191|0x0000000711700000, 0x0000000711700000, 0x0000000711800000|  0%| F|  |TAMS 0x0000000711700000, 0x0000000711700000| Untracked 
| 192|0x0000000711800000, 0x0000000711800000, 0x0000000711900000|  0%| F|  |TAMS 0x0000000711800000, 0x0000000711800000| Untracked 
| 193|0x0000000711900000, 0x0000000711900000, 0x0000000711a00000|  0%| F|  |TAMS 0x0000000711900000, 0x0000000711900000| Untracked 
| 194|0x0000000711a00000, 0x0000000711a00000, 0x0000000711b00000|  0%| F|  |TAMS 0x0000000711a00000, 0x0000000711a00000| Untracked 
| 195|0x0000000711b00000, 0x0000000711b00000, 0x0000000711c00000|  0%| F|  |TAMS 0x0000000711b00000, 0x0000000711b00000| Untracked 
| 196|0x0000000711c00000, 0x0000000711c00000, 0x0000000711d00000|  0%| F|  |TAMS 0x0000000711c00000, 0x0000000711c00000| Untracked 
| 197|0x0000000711d00000, 0x0000000711d00000, 0x0000000711e00000|  0%| F|  |TAMS 0x0000000711d00000, 0x0000000711d00000| Untracked 
| 198|0x0000000711e00000, 0x0000000711e00000, 0x0000000711f00000|  0%| F|  |TAMS 0x0000000711e00000, 0x0000000711e00000| Untracked 
| 199|0x0000000711f00000, 0x0000000711f00000, 0x0000000712000000|  0%| F|  |TAMS 0x0000000711f00000, 0x0000000711f00000| Untracked 
| 200|0x0000000712000000, 0x0000000712000000, 0x0000000712100000|  0%| F|  |TAMS 0x0000000712000000, 0x0000000712000000| Untracked 
| 201|0x0000000712100000, 0x0000000712100000, 0x0000000712200000|  0%| F|  |TAMS 0x0000000712100000, 0x0000000712100000| Untracked 
| 202|0x0000000712200000, 0x0000000712200000, 0x0000000712300000|  0%| F|  |TAMS 0x0000000712200000, 0x0000000712200000| Untracked 
| 203|0x0000000712300000, 0x0000000712300000, 0x0000000712400000|  0%| F|  |TAMS 0x0000000712300000, 0x0000000712300000| Untracked 
| 204|0x0000000712400000, 0x0000000712400000, 0x0000000712500000|  0%| F|  |TAMS 0x0000000712400000, 0x0000000712400000| Untracked 
| 205|0x0000000712500000, 0x0000000712500000, 0x0000000712600000|  0%| F|  |TAMS 0x0000000712500000, 0x0000000712500000| Untracked 
| 206|0x0000000712600000, 0x0000000712600000, 0x0000000712700000|  0%| F|  |TAMS 0x0000000712600000, 0x0000000712600000| Untracked 
| 207|0x0000000712700000, 0x0000000712700000, 0x0000000712800000|  0%| F|  |TAMS 0x0000000712700000, 0x0000000712700000| Untracked 
| 208|0x0000000712800000, 0x0000000712800000, 0x0000000712900000|  0%| F|  |TAMS 0x0000000712800000, 0x0000000712800000| Untracked 
| 209|0x0000000712900000, 0x0000000712900000, 0x0000000712a00000|  0%| F|  |TAMS 0x0000000712900000, 0x0000000712900000| Untracked 
| 210|0x0000000712a00000, 0x0000000712a00000, 0x0000000712b00000|  0%| F|  |TAMS 0x0000000712a00000, 0x0000000712a00000| Untracked 
| 211|0x0000000712b00000, 0x0000000712b00000, 0x0000000712c00000|  0%| F|  |TAMS 0x0000000712b00000, 0x0000000712b00000| Untracked 
| 212|0x0000000712c00000, 0x0000000712c00000, 0x0000000712d00000|  0%| F|  |TAMS 0x0000000712c00000, 0x0000000712c00000| Untracked 
| 213|0x0000000712d00000, 0x0000000712d00000, 0x0000000712e00000|  0%| F|  |TAMS 0x0000000712d00000, 0x0000000712d00000| Untracked 
| 214|0x0000000712e00000, 0x0000000712e00000, 0x0000000712f00000|  0%| F|  |TAMS 0x0000000712e00000, 0x0000000712e00000| Untracked 
| 215|0x0000000712f00000, 0x0000000712f00000, 0x0000000713000000|  0%| F|  |TAMS 0x0000000712f00000, 0x0000000712f00000| Untracked 
| 216|0x0000000713000000, 0x0000000713000000, 0x0000000713100000|  0%| F|  |TAMS 0x0000000713000000, 0x0000000713000000| Untracked 
| 217|0x0000000713100000, 0x0000000713100000, 0x0000000713200000|  0%| F|  |TAMS 0x0000000713100000, 0x0000000713100000| Untracked 
| 218|0x0000000713200000, 0x0000000713200000, 0x0000000713300000|  0%| F|  |TAMS 0x0000000713200000, 0x0000000713200000| Untracked 
| 219|0x0000000713300000, 0x0000000713300000, 0x0000000713400000|  0%| F|  |TAMS 0x0000000713300000, 0x0000000713300000| Untracked 
| 220|0x0000000713400000, 0x0000000713400000, 0x0000000713500000|  0%| F|  |TAMS 0x0000000713400000, 0x0000000713400000| Untracked 
| 221|0x0000000713500000, 0x0000000713500000, 0x0000000713600000|  0%| F|  |TAMS 0x0000000713500000, 0x0000000713500000| Untracked 
| 222|0x0000000713600000, 0x0000000713600000, 0x0000000713700000|  0%| F|  |TAMS 0x0000000713600000, 0x0000000713600000| Untracked 
| 223|0x0000000713700000, 0x0000000713700000, 0x0000000713800000|  0%| F|  |TAMS 0x0000000713700000, 0x0000000713700000| Untracked 
| 224|0x0000000713800000, 0x0000000713800000, 0x0000000713900000|  0%| F|  |TAMS 0x0000000713800000, 0x0000000713800000| Untracked 
| 225|0x0000000713900000, 0x0000000713900000, 0x0000000713a00000|  0%| F|  |TAMS 0x0000000713900000, 0x0000000713900000| Untracked 
| 226|0x0000000713a00000, 0x0000000713a00000, 0x0000000713b00000|  0%| F|  |TAMS 0x0000000713a00000, 0x0000000713a00000| Untracked 
| 227|0x0000000713b00000, 0x0000000713b00000, 0x0000000713c00000|  0%| F|  |TAMS 0x0000000713b00000, 0x0000000713b00000| Untracked 
| 228|0x0000000713c00000, 0x0000000713c00000, 0x0000000713d00000|  0%| F|  |TAMS 0x0000000713c00000, 0x0000000713c00000| Untracked 
| 229|0x0000000713d00000, 0x0000000713d00000, 0x0000000713e00000|  0%| F|  |TAMS 0x0000000713d00000, 0x0000000713d00000| Untracked 
| 230|0x0000000713e00000, 0x0000000713e00000, 0x0000000713f00000|  0%| F|  |TAMS 0x0000000713e00000, 0x0000000713e00000| Untracked 
| 231|0x0000000713f00000, 0x0000000713f00000, 0x0000000714000000|  0%| F|  |TAMS 0x0000000713f00000, 0x0000000713f00000| Untracked 
| 232|0x0000000714000000, 0x0000000714000000, 0x0000000714100000|  0%| F|  |TAMS 0x0000000714000000, 0x0000000714000000| Untracked 
| 233|0x0000000714100000, 0x0000000714100000, 0x0000000714200000|  0%| F|  |TAMS 0x0000000714100000, 0x0000000714100000| Untracked 
| 234|0x0000000714200000, 0x0000000714200000, 0x0000000714300000|  0%| F|  |TAMS 0x0000000714200000, 0x0000000714200000| Untracked 
| 235|0x0000000714300000, 0x0000000714300000, 0x0000000714400000|  0%| F|  |TAMS 0x0000000714300000, 0x0000000714300000| Untracked 
| 236|0x0000000714400000, 0x0000000714400000, 0x0000000714500000|  0%| F|  |TAMS 0x0000000714400000, 0x0000000714400000| Untracked 
| 237|0x0000000714500000, 0x0000000714500000, 0x0000000714600000|  0%| F|  |TAMS 0x0000000714500000, 0x0000000714500000| Untracked 
| 238|0x0000000714600000, 0x0000000714600000, 0x0000000714700000|  0%| F|  |TAMS 0x0000000714600000, 0x0000000714600000| Untracked 
| 239|0x0000000714700000, 0x0000000714700000, 0x0000000714800000|  0%| F|  |TAMS 0x0000000714700000, 0x0000000714700000| Untracked 
| 240|0x0000000714800000, 0x0000000714800000, 0x0000000714900000|  0%| F|  |TAMS 0x0000000714800000, 0x0000000714800000| Untracked 
| 241|0x0000000714900000, 0x0000000714900000, 0x0000000714a00000|  0%| F|  |TAMS 0x0000000714900000, 0x0000000714900000| Untracked 
| 242|0x0000000714a00000, 0x0000000714a00000, 0x0000000714b00000|  0%| F|  |TAMS 0x0000000714a00000, 0x0000000714a00000| Untracked 
| 243|0x0000000714b00000, 0x0000000714b00000, 0x0000000714c00000|  0%| F|  |TAMS 0x0000000714b00000, 0x0000000714b00000| Untracked 
| 244|0x0000000714c00000, 0x0000000714c00000, 0x0000000714d00000|  0%| F|  |TAMS 0x0000000714c00000, 0x0000000714c00000| Untracked 
| 245|0x0000000714d00000, 0x0000000714d00000, 0x0000000714e00000|  0%| F|  |TAMS 0x0000000714d00000, 0x0000000714d00000| Untracked 
| 246|0x0000000714e00000, 0x0000000714e00000, 0x0000000714f00000|  0%| F|  |TAMS 0x0000000714e00000, 0x0000000714e00000| Untracked 
| 247|0x0000000714f00000, 0x0000000714f00000, 0x0000000715000000|  0%| F|  |TAMS 0x0000000714f00000, 0x0000000714f00000| Untracked 
| 248|0x0000000715000000, 0x0000000715000000, 0x0000000715100000|  0%| F|  |TAMS 0x0000000715000000, 0x0000000715000000| Untracked 
| 249|0x0000000715100000, 0x0000000715100000, 0x0000000715200000|  0%| F|  |TAMS 0x0000000715100000, 0x0000000715100000| Untracked 
| 250|0x0000000715200000, 0x0000000715200000, 0x0000000715300000|  0%| F|  |TAMS 0x0000000715200000, 0x0000000715200000| Untracked 
| 251|0x0000000715300000, 0x0000000715300000, 0x0000000715400000|  0%| F|  |TAMS 0x0000000715300000, 0x0000000715300000| Untracked 

Card table byte_map: [0x000001b85d1d0000,0x000001b85d9b0000] _byte_map_base: 0x000001b8599a4000

Marking Bits (Prev, Next): (CMBitMap*) 0x000001b849bf1270, (CMBitMap*) 0x000001b849bf1238
 Prev Bits: [0x000001b862030000, 0x000001b865ed0000)
 Next Bits: [0x000001b85e190000, 0x000001b862030000)

Polling page: 0x000001b849360000

Metaspace:

Usage:
  Non-class:     50.18 MB capacity,    49.85 MB (>99%) used,   258.05 KB ( <1%) free+waste,    88.88 KB ( <1%) overhead. 
      Class:      6.52 MB capacity,     6.28 MB ( 96%) used,   204.43 KB (  3%) free+waste,    37.50 KB ( <1%) overhead. 
       Both:     56.70 MB capacity,    56.13 MB ( 99%) used,   462.48 KB ( <1%) free+waste,   126.38 KB ( <1%) overhead. 

Virtual space:
  Non-class space:       52.00 MB reserved,      50.25 MB ( 97%) committed 
      Class space:        1.00 GB reserved,       6.58 MB ( <1%) committed 
             Both:        1.05 GB reserved,      56.83 MB (  5%) committed 

Chunk freelists:
   Non-Class:  63.00 KB
       Class:  16.00 KB
        Both:  79.00 KB

MaxMetaspaceSize: 17179869184.00 GB
CompressedClassSpaceSize: 1.00 GB
Initial GC threshold: 20.80 MB
Current GC threshold: 83.26 MB
CDS: off

CodeHeap 'non-profiled nmethods': size=120000Kb used=3551Kb max_used=3551Kb free=116448Kb
 bounds [0x000001b855180000, 0x000001b855500000, 0x000001b85c6b0000]
CodeHeap 'profiled nmethods': size=120000Kb used=16984Kb max_used=16984Kb free=103015Kb
 bounds [0x000001b84dc50000, 0x000001b84ecf0000, 0x000001b855180000]
CodeHeap 'non-nmethods': size=5760Kb used=1303Kb max_used=1358Kb free=4456Kb
 bounds [0x000001b84d6b0000, 0x000001b84d920000, 0x000001b84dc50000]
 total_blobs=7397 nmethods=6809 adapters=499
 compilation: enabled
              stopped_count=0, restarted_count=0
 full_count=0

Compilation events (20 events):
Event: 4.048 Thread 0x000001b86935f800 6832       1       org.jetbrains.kotlin.serialization.deserialization.descriptors.DeserializedSimpleFunctionDescriptor::getVersionRequirementTable (5 bytes)
Event: 4.048 Thread 0x000001b86935f800 nmethod 6832 0x000001b8554f3c90 code [0x000001b8554f3e40, 0x000001b8554f3ef8]
Event: 4.050 Thread 0x000001b869314800 nmethod 6820 0x000001b8554f3f90 code [0x000001b8554f41e0, 0x000001b8554f52b0]
Event: 4.051 Thread 0x000001b869314800 6826       4       org.jetbrains.kotlin.serialization.deserialization.descriptors.DeserializedMemberScope::getContributedFunctions (24 bytes)
Event: 4.051 Thread 0x000001b8694f1000 nmethod 6825 0x000001b8554f5c10 code [0x000001b8554f5e60, 0x000001b8554f6f50]
Event: 4.052 Thread 0x000001b86935f800 6833       3       org.jetbrains.kotlin.com.intellij.psi.impl.source.tree.SharedImplUtil::getParent (30 bytes)
Event: 4.053 Thread 0x000001b86935f800 nmethod 6833 0x000001b84ece1890 code [0x000001b84ece1a60, 0x000001b84ece1e08]
Event: 4.055 Thread 0x000001b86935f800 6834       3       org.jetbrains.kotlin.com.intellij.util.keyFMap.ArrayBackedFMap::<init> (31 bytes)
Event: 4.055 Thread 0x000001b86935f800 nmethod 6834 0x000001b84ece1f90 code [0x000001b84ece2160, 0x000001b84ece2478]
Event: 4.055 Thread 0x000001b86935f800 6835       3       org.jetbrains.kotlin.resolve.calls.inference.model.NewConstraintSystemImpl::<init> (141 bytes)
Event: 4.056 Thread 0x000001b8694f1000 6838       4       org.jetbrains.kotlin.com.intellij.util.SmartList::get (28 bytes)
Event: 4.056 Thread 0x000001b8694f1000 nmethod 6838 0x000001b8554f7890 code [0x000001b8554f7a20, 0x000001b8554f7b38]
Event: 4.056 Thread 0x000001b8694f1000 6839       4       org.jetbrains.org.objectweb.asm.ClassReader::readMethod (1061 bytes)
Event: 4.057 Thread 0x000001b86935f800 nmethod 6835 0x000001b84ece2590 code [0x000001b84ece29e0, 0x000001b84ece4aa8]
Event: 4.057 Thread 0x000001b86935f800 6840       3       org.jetbrains.kotlin.load.kotlin.FileBasedKotlinClass$3$1::visit (52 bytes)
Event: 4.057 Thread 0x000001b86935f800 nmethod 6840 0x000001b84ece5490 code [0x000001b84ece56a0, 0x000001b84ece5cd8]
Event: 4.057 Thread 0x000001b86935f800 6837       1       org.jetbrains.kotlin.resolve.calls.tower.TowerData$BothTowerLevelAndImplicitReceiver::getImplicitReceiver (5 bytes)
Event: 4.057 Thread 0x000001b86935f800 nmethod 6837 0x000001b8554f7c90 code [0x000001b8554f7e40, 0x000001b8554f7ef8]
Event: 4.057 Thread 0x000001b86935f800 6836       3       org.jetbrains.kotlin.resolve.calls.inference.components.ConstraintSystemCompletionContext::<init> (5 bytes)
Event: 4.057 Thread 0x000001b86935f800 nmethod 6836 0x000001b84ece5e90 code [0x000001b84ece6040, 0x000001b84ece6198]

GC Heap History (13 events):
Event: 0.389 GC heap before
{Heap before GC invocations=0 (full 0):
 garbage-first heap   total 258048K, used 28672K [0x0000000705800000, 0x0000000800000000)
  region size 1024K, 24 young (24576K), 0 survivors (0K)
 Metaspace       used 12123K, capacity 12280K, committed 12544K, reserved 1060864K
  class space    used 1118K, capacity 1175K, committed 1280K, reserved 1048576K
}
Event: 0.390 GC heap after
{Heap after GC invocations=1 (full 0):
 garbage-first heap   total 258048K, used 6760K [0x0000000705800000, 0x0000000800000000)
  region size 1024K, 3 young (3072K), 3 survivors (3072K)
 Metaspace       used 12123K, capacity 12280K, committed 12544K, reserved 1060864K
  class space    used 1118K, capacity 1175K, committed 1280K, reserved 1048576K
}
Event: 0.835 GC heap before
{Heap before GC invocations=1 (full 0):
 garbage-first heap   total 258048K, used 45672K [0x0000000705800000, 0x0000000800000000)
  region size 1024K, 42 young (43008K), 3 survivors (3072K)
 Metaspace       used 20884K, capacity 21185K, committed 21248K, reserved 1069056K
  class space    used 2217K, capacity 2278K, committed 2304K, reserved 1048576K
}
Event: 0.843 GC heap after
{Heap after GC invocations=2 (full 0):
 garbage-first heap   total 258048K, used 10405K [0x0000000705800000, 0x0000000800000000)
  region size 1024K, 7 young (7168K), 7 survivors (7168K)
 Metaspace       used 20884K, capacity 21185K, committed 21248K, reserved 1069056K
  class space    used 2217K, capacity 2278K, committed 2304K, reserved 1048576K
}
Event: 1.441 GC heap before
{Heap before GC invocations=3 (full 0):
 garbage-first heap   total 258048K, used 70821K [0x0000000705800000, 0x0000000800000000)
  region size 1024K, 60 young (61440K), 7 survivors (7168K)
 Metaspace       used 30998K, capacity 31483K, committed 31740K, reserved 1077248K
  class space    used 3643K, capacity 3832K, committed 3840K, reserved 1048576K
}
Event: 1.451 GC heap after
{Heap after GC invocations=4 (full 0):
 garbage-first heap   total 258048K, used 25721K [0x0000000705800000, 0x0000000800000000)
  region size 1024K, 8 young (8192K), 8 survivors (8192K)
 Metaspace       used 30998K, capacity 31483K, committed 31740K, reserved 1077248K
  class space    used 3643K, capacity 3832K, committed 3840K, reserved 1048576K
}
Event: 1.614 GC heap before
{Heap before GC invocations=4 (full 0):
 garbage-first heap   total 258048K, used 38009K [0x0000000705800000, 0x0000000800000000)
  region size 1024K, 20 young (20480K), 8 survivors (8192K)
 Metaspace       used 34526K, capacity 35018K, committed 35452K, reserved 1081344K
  class space    used 4225K, capacity 4411K, committed 4480K, reserved 1048576K
}
Event: 1.620 GC heap after
{Heap after GC invocations=5 (full 0):
 garbage-first heap   total 258048K, used 27284K [0x0000000705800000, 0x0000000800000000)
  region size 1024K, 2 young (2048K), 2 survivors (2048K)
 Metaspace       used 34526K, capacity 35018K, committed 35452K, reserved 1081344K
  class space    used 4225K, capacity 4411K, committed 4480K, reserved 1048576K
}
Event: 1.675 GC heap before
{Heap before GC invocations=5 (full 0):
 garbage-first heap   total 258048K, used 31380K [0x0000000705800000, 0x0000000800000000)
  region size 1024K, 7 young (7168K), 2 survivors (2048K)
 Metaspace       used 35402K, capacity 35818K, committed 36048K, reserved 1081344K
  class space    used 4306K, capacity 4507K, committed 4564K, reserved 1048576K
}
Event: 1.677 GC heap after
{Heap after GC invocations=6 (full 0):
 garbage-first heap   total 258048K, used 27209K [0x0000000705800000, 0x0000000800000000)
  region size 1024K, 2 young (2048K), 2 survivors (2048K)
 Metaspace       used 35402K, capacity 35818K, committed 36048K, reserved 1081344K
  class space    used 4306K, capacity 4507K, committed 4564K, reserved 1048576K
}
Event: 2.662 GC heap before
{Heap before GC invocations=7 (full 0):
 garbage-first heap   total 258048K, used 134729K [0x0000000705800000, 0x0000000800000000)
  region size 1024K, 104 young (106496K), 2 survivors (2048K)
 Metaspace       used 50196K, capacity 50769K, committed 50896K, reserved 1093632K
  class space    used 5802K, capacity 6029K, committed 6100K, reserved 1048576K
}
Event: 2.678 GC heap after
{Heap after GC invocations=8 (full 0):
 garbage-first heap   total 258048K, used 36474K [0x0000000705800000, 0x0000000800000000)
  region size 1024K, 11 young (11264K), 11 survivors (11264K)
 Metaspace       used 50196K, capacity 50769K, committed 50896K, reserved 1093632K
  class space    used 5802K, capacity 6029K, committed 6100K, reserved 1048576K
}
Event: 4.060 GC heap before
{Heap before GC invocations=9 (full 0):
 garbage-first heap   total 258048K, used 151162K [0x0000000705800000, 0x0000000800000000)
  region size 1024K, 123 young (125952K), 11 survivors (11264K)
 Metaspace       used 57472K, capacity 58061K, committed 58192K, reserved 1101824K
  class space    used 6430K, capacity 6672K, committed 6740K, reserved 1048576K
}

Deoptimization events (20 events):
Event: 4.039 Thread 0x000001b849b8e000 Uncommon trap: trap_request=0xffffffc6 fr.pc=0x000001b8554a7d20 relative=0x00000000000005e0
Event: 4.039 Thread 0x000001b849b8e000 Uncommon trap: reason=bimorphic_or_optimized_type_check action=maybe_recompile pc=0x000001b8554a7d20 method=org.jetbrains.kotlin.types.model.TypeSystemContext.typeConstructor(Lorg/jetbrains/kotlin/types/model/KotlinTypeMarker;)Lorg/jetbrains/kotlin/types/
Event: 4.039 Thread 0x000001b849b8e000 DEOPT PACKING pc=0x000001b8554a7d20 sp=0x00000052447fac10
Event: 4.039 Thread 0x000001b849b8e000 DEOPT UNPACKING pc=0x000001b84d6fa1af sp=0x00000052447fabb0 mode 2
Event: 4.039 Thread 0x000001b849b8e000 Uncommon trap: trap_request=0xffffffc6 fr.pc=0x000001b8554a7d20 relative=0x00000000000005e0
Event: 4.039 Thread 0x000001b849b8e000 Uncommon trap: reason=bimorphic_or_optimized_type_check action=maybe_recompile pc=0x000001b8554a7d20 method=org.jetbrains.kotlin.types.model.TypeSystemContext.typeConstructor(Lorg/jetbrains/kotlin/types/model/KotlinTypeMarker;)Lorg/jetbrains/kotlin/types/
Event: 4.039 Thread 0x000001b849b8e000 DEOPT PACKING pc=0x000001b8554a7d20 sp=0x00000052447faba0
Event: 4.039 Thread 0x000001b849b8e000 DEOPT UNPACKING pc=0x000001b84d6fa1af sp=0x00000052447fab40 mode 2
Event: 4.040 Thread 0x000001b849b8e000 Uncommon trap: trap_request=0xffffffc6 fr.pc=0x000001b8554a7d20 relative=0x00000000000005e0
Event: 4.040 Thread 0x000001b849b8e000 Uncommon trap: reason=bimorphic_or_optimized_type_check action=maybe_recompile pc=0x000001b8554a7d20 method=org.jetbrains.kotlin.types.model.TypeSystemContext.typeConstructor(Lorg/jetbrains/kotlin/types/model/KotlinTypeMarker;)Lorg/jetbrains/kotlin/types/
Event: 4.040 Thread 0x000001b849b8e000 DEOPT PACKING pc=0x000001b8554a7d20 sp=0x00000052447fac10
Event: 4.040 Thread 0x000001b849b8e000 DEOPT UNPACKING pc=0x000001b84d6fa1af sp=0x00000052447fabb0 mode 2
Event: 4.040 Thread 0x000001b849b8e000 Uncommon trap: trap_request=0xffffffc6 fr.pc=0x000001b8554a7d20 relative=0x00000000000005e0
Event: 4.040 Thread 0x000001b849b8e000 Uncommon trap: reason=bimorphic_or_optimized_type_check action=maybe_recompile pc=0x000001b8554a7d20 method=org.jetbrains.kotlin.types.model.TypeSystemContext.typeConstructor(Lorg/jetbrains/kotlin/types/model/KotlinTypeMarker;)Lorg/jetbrains/kotlin/types/
Event: 4.040 Thread 0x000001b849b8e000 DEOPT PACKING pc=0x000001b8554a7d20 sp=0x00000052447faba0
Event: 4.040 Thread 0x000001b849b8e000 DEOPT UNPACKING pc=0x000001b84d6fa1af sp=0x00000052447fab40 mode 2
Event: 4.041 Thread 0x000001b849b8e000 Uncommon trap: trap_request=0xffffffc6 fr.pc=0x000001b8554edcb4 relative=0x0000000000000ad4
Event: 4.041 Thread 0x000001b849b8e000 Uncommon trap: reason=bimorphic_or_optimized_type_check action=maybe_recompile pc=0x000001b8554edcb4 method=gnu.trove.TObjectHash.insertionIndex(Ljava/lang/Object;)I @ 75 c2
Event: 4.041 Thread 0x000001b849b8e000 DEOPT PACKING pc=0x000001b8554edcb4 sp=0x00000052447fb760
Event: 4.041 Thread 0x000001b849b8e000 DEOPT UNPACKING pc=0x000001b84d6fa1af sp=0x00000052447fb6f8 mode 2

Classes redefined (0 events):
No events

Internal exceptions (20 events):
Event: 1.166 Thread 0x000001b849b8e000 Exception <a 'java/lang/NoSuchMethodError'{0x0000000713bd4e08}: 'void java.lang.invoke.DirectMethodHandle$Holder.invokeVirtual(java.lang.Object, java.lang.Object)'> (0x0000000713bd4e08) thrown at [src/hotspot/share/interpreter/linkResolver.cpp, line 773]
Event: 1.171 Thread 0x000001b849b8e000 Exception <a 'java/lang/NoSuchMethodError'{0x0000000713a2ad50}: 'int java.lang.invoke.DirectMethodHandle$Holder.invokeVirtual(java.lang.Object, java.lang.Object)'> (0x0000000713a2ad50) thrown at [src/hotspot/share/interpreter/linkResolver.cpp, line 773]
Event: 1.712 Thread 0x000001b849b8e000 Exception <a 'java/lang/NoSuchMethodError'{0x0000000715085cb8}: 'java.lang.Object java.lang.invoke.DirectMethodHandle$Holder.invokeVirtual(java.lang.Object, java.lang.Object, java.lang.Object)'> (0x0000000715085cb8) thrown at [src/hotspot/share/interpreter/linkResolver.cpp, line 773]
Event: 2.125 Thread 0x000001b849b8e000 Exception <a 'java/lang/NoSuchMethodError'{0x00000007124aebd0}: 'java.lang.Object java.lang.invoke.Invokers$Holder.linkToTargetMethod(java.lang.Object, int, java.lang.Object)'> (0x00000007124aebd0) thrown at [src/hotspot/share/interpreter/linkResolver.cpp, line 773]
Event: 2.235 Thread 0x000001b849b8e000 Implicit null exception at 0x000001b855300505 to 0x000001b855300844
Event: 2.235 Thread 0x000001b849b8e000 Implicit null exception at 0x000001b8552ea8cc to 0x000001b8552ea9b4
Event: 2.266 Thread 0x000001b849b8e000 Exception <a 'java/lang/NoSuchMethodError'{0x0000000711ea3278}: 'java.lang.Object java.lang.invoke.DirectMethodHandle$Holder.invokeStatic(java.lang.Object, java.lang.Object, java.lang.Object, int)'> (0x0000000711ea3278) thrown at [src/hotspot/share/interpreter/linkResolver.cpp, line 773]
Event: 2.266 Thread 0x000001b849b8e000 Exception <a 'java/lang/NoSuchMethodError'{0x0000000711ea6ee8}: 'java.lang.Object java.lang.invoke.DirectMethodHandle$Holder.invokeSpecial(java.lang.Object, java.lang.Object, java.lang.Object, java.lang.Object, int)'> (0x0000000711ea6ee8) thrown at [src/hotspot/share/interpreter/linkResolver.cpp, line 773]
Event: 2.266 Thread 0x000001b849b8e000 Exception <a 'java/lang/NoSuchMethodError'{0x0000000711eaa1f8}: 'java.lang.Object java.lang.invoke.Invokers$Holder.linkToTargetMethod(java.lang.Object, java.lang.Object, int, java.lang.Object)'> (0x0000000711eaa1f8) thrown at [src/hotspot/share/interpreter/linkResolver.cpp, line 773]
Event: 2.757 Thread 0x000001b849b8e000 Exception <a 'java/lang/NoSuchMethodError'{0x0000000714f44f08}: 'java.lang.Object java.lang.invoke.Invokers$Holder.linkToTargetMethod(java.lang.Object, java.lang.Object, java.lang.Object, java.lang.Object, java.lang.Object, java.lang.Object)'> (0x0000000714f44f08) thrown at [src/hotspot/share/interpreter/linkResolver.cpp, line 773]
Event: 2.768 Thread 0x000001b849b8e000 Implicit null exception at 0x000001b85522ff75 to 0x000001b855230160
Event: 2.832 Thread 0x000001b849b8e000 Implicit null exception at 0x000001b8553879af to 0x000001b8553879dc
Event: 3.389 Thread 0x000001b849b8e000 Exception <a 'java/lang/NoSuchMethodError'{0x000000071185b278}: 'java.lang.Object java.lang.invoke.DirectMethodHandle$Holder.invokeSpecial(java.lang.Object, java.lang.Object, java.lang.Object, java.lang.Object, java.lang.Object, java.lang.Object, java.lang.Object, java.lang.Object, java.lang.Object)'> (0x000000071185b278) thrown at [src/hotspot/share/interpreter/linkResolver.cpp, line 773]
Event: 3.389 Thread 0x000001b849b8e000 Exception <a 'java/lang/NoSuchMethodError'{0x000000071185f470}: 'java.lang.Object java.lang.invoke.Invokers$Holder.linkToTargetMethod(java.lang.Object, java.lang.Object, java.lang.Object, java.lang.Object, java.lang.Object, java.lang.Object, java.lang.Object, java.lang.Object)'> (0x000000071185f470) thrown at [src/hotspot/share/interpreter/linkResolver.cpp, line 773]
Event: 3.457 Thread 0x000001b849b8e000 Exception <a 'java/lang/NoSuchMethodError'{0x00000007114953b8}: 'java.lang.Object java.lang.invoke.DirectMethodHandle$Holder.invokeStaticInit(java.lang.Object, java.lang.Object, java.lang.Object)'> (0x00000007114953b8) thrown at [src/hotspot/share/interpreter/linkResolver.cpp, line 773]
Event: 3.832 Thread 0x000001b849b8e000 Exception <a 'java/lang/NoSuchMethodError'{0x000000070fb20378}: 'java.lang.Object java.lang.invoke.DirectMethodHandle$Holder.invokeStatic(java.lang.Object, int, java.lang.Object, java.lang.Object)'> (0x000000070fb20378) thrown at [src/hotspot/share/interpreter/linkResolver.cpp, line 773]
Event: 3.833 Thread 0x000001b849b8e000 Exception <a 'java/lang/NoSuchMethodError'{0x000000070fb2ab08}: 'java.lang.Object java.lang.invoke.DirectMethodHandle$Holder.invokeStatic(java.lang.Object, int, java.lang.Object)'> (0x000000070fb2ab08) thrown at [src/hotspot/share/interpreter/linkResolver.cpp, line 773]
Event: 3.833 Thread 0x000001b849b8e000 Exception <a 'java/lang/NoSuchMethodError'{0x000000070fb30908}: 'int java.lang.invoke.DirectMethodHandle$Holder.invokeInterface(java.lang.Object, java.lang.Object)'> (0x000000070fb30908) thrown at [src/hotspot/share/interpreter/linkResolver.cpp, line 773]
Event: 4.023 Thread 0x000001b849b8e000 Implicit null exception at 0x000001b8552401c3 to 0x000001b855240348
Event: 4.023 Thread 0x000001b849b8e000 Implicit null exception at 0x000001b8551e0978 to 0x000001b8551e0a0a

Events (20 events):
Event: 4.053 loading class org/jetbrains/kotlin/contracts/model/structure/TypesKt done
Event: 4.053 loading class org/jetbrains/kotlin/contracts/model/structure/ESKotlinType
Event: 4.053 loading class org/jetbrains/kotlin/contracts/model/structure/ESKotlinType done
Event: 4.053 loading class org/jetbrains/kotlin/contracts/model/structure/CallComputation
Event: 4.053 loading class org/jetbrains/kotlin/contracts/model/structure/CallComputation done
Event: 4.053 loading class org/jetbrains/kotlin/contracts/description/ContractProviderKey
Event: 4.053 loading class org/jetbrains/kotlin/contracts/description/ContractProviderKey done
Event: 4.053 loading class org/jetbrains/kotlin/contracts/model/structure/UNKNOWN_COMPUTATION
Event: 4.053 loading class org/jetbrains/kotlin/contracts/model/structure/UNKNOWN_COMPUTATION done
Event: 4.053 loading class org/jetbrains/kotlin/contracts/model/visitors/InfoCollector
Event: 4.053 loading class org/jetbrains/kotlin/contracts/model/visitors/InfoCollector done
Event: 4.054 loading class org/jetbrains/kotlin/contracts/model/MutableContextInfo
Event: 4.054 loading class org/jetbrains/kotlin/contracts/model/MutableContextInfo done
Event: 4.054 loading class org/jetbrains/kotlin/contracts/model/MutableContextInfo$Companion
Event: 4.054 loading class org/jetbrains/kotlin/contracts/model/MutableContextInfo$Companion done
Event: 4.054 loading class org/jetbrains/kotlin/contracts/ContextInfoToDataFlowInfoKt
Event: 4.054 loading class org/jetbrains/kotlin/contracts/ContextInfoToDataFlowInfoKt done
Event: 4.055 loading class org/jetbrains/kotlin/resolve/calls/tower/SubKotlinCallArgumentImpl
Event: 4.055 loading class org/jetbrains/kotlin/resolve/calls/tower/SubKotlinCallArgumentImpl done
Event: 4.059 Executing VM operation: G1CollectForAllocation


Dynamic libraries:
0x00007ff7b07f0000 - 0x00007ff7b07fa000 	C:\Program Files\Android\Android Studio\jbr\bin\java.exe
0x00007ffdede10000 - 0x00007ffdee024000 	C:\WINDOWS\SYSTEM32\ntdll.dll
0x00007ffdecf80000 - 0x00007ffded042000 	C:\WINDOWS\System32\KERNEL32.DLL
0x00007ffdeb250000 - 0x00007ffdeb5ec000 	C:\WINDOWS\System32\KERNELBASE.dll
0x00007ffdeb940000 - 0x00007ffdeba51000 	C:\WINDOWS\System32\ucrtbase.dll
0x00007ffdcbee0000 - 0x00007ffdcbefb000 	C:\Program Files\Android\Android Studio\jbr\bin\VCRUNTIME140.dll
0x00007ffdc9ab0000 - 0x00007ffdc9ac7000 	C:\Program Files\Android\Android Studio\jbr\bin\jli.dll
0x00007ffdebc20000 - 0x00007ffdebdcb000 	C:\WINDOWS\System32\USER32.dll
0x00007ffdd6700000 - 0x00007ffdd698e000 	C:\WINDOWS\WinSxS\amd64_microsoft.windows.common-controls_6595b64144ccf1df_6.0.22621.608_none_a9444ca7c10bb01d\COMCTL32.dll
0x00007ffdeb6b0000 - 0x00007ffdeb6d6000 	C:\WINDOWS\System32\win32u.dll
0x00007ffded050000 - 0x00007ffded0f7000 	C:\WINDOWS\System32\msvcrt.dll
0x00007ffdec660000 - 0x00007ffdec689000 	C:\WINDOWS\System32\GDI32.dll
0x00007ffdebb00000 - 0x00007ffdebc13000 	C:\WINDOWS\System32\gdi32full.dll
0x00007ffdeba60000 - 0x00007ffdebafa000 	C:\WINDOWS\System32\msvcp_win.dll
0x00007ffdec100000 - 0x00007ffdec131000 	C:\WINDOWS\System32\IMM32.DLL
0x00007ffdd8a60000 - 0x00007ffdd8a6c000 	C:\Program Files\Android\Android Studio\jbr\bin\vcruntime140_1.dll
0x00007ffd95a90000 - 0x00007ffd95b1d000 	C:\Program Files\Android\Android Studio\jbr\bin\msvcp140.dll
0x00007ffd82d30000 - 0x00007ffd838ec000 	C:\Program Files\Android\Android Studio\jbr\bin\server\jvm.dll
0x00007ffdedb30000 - 0x00007ffdedbde000 	C:\WINDOWS\System32\ADVAPI32.dll
0x00007ffdedc30000 - 0x00007ffdedcd4000 	C:\WINDOWS\System32\sechost.dll
0x00007ffdebe30000 - 0x00007ffdebf47000 	C:\WINDOWS\System32\RPCRT4.dll
0x00007ffded6a0000 - 0x00007ffded6a8000 	C:\WINDOWS\System32\PSAPI.DLL
0x00007ffde66f0000 - 0x00007ffde66f9000 	C:\WINDOWS\SYSTEM32\WSOCK32.dll
0x00007ffddb140000 - 0x00007ffddb174000 	C:\WINDOWS\SYSTEM32\WINMM.dll
0x00007ffde4a90000 - 0x00007ffde4a9a000 	C:\WINDOWS\SYSTEM32\VERSION.dll
0x00007ffdec140000 - 0x00007ffdec1b1000 	C:\WINDOWS\System32\WS2_32.dll
0x00007ffdea2a0000 - 0x00007ffdea2b8000 	C:\WINDOWS\SYSTEM32\kernel.appcore.dll
0x00007ffddd350000 - 0x00007ffddd360000 	C:\Program Files\Android\Android Studio\jbr\bin\verify.dll
0x00007ffdd6a00000 - 0x00007ffdd6c2e000 	C:\WINDOWS\SYSTEM32\DBGHELP.DLL
0x00007ffdec1d0000 - 0x00007ffdec559000 	C:\WINDOWS\System32\combase.dll
0x00007ffded400000 - 0x00007ffded4d7000 	C:\WINDOWS\System32\OLEAUT32.dll
0x00007ffdd66c0000 - 0x00007ffdd66f2000 	C:\WINDOWS\SYSTEM32\dbgcore.DLL
0x00007ffdeb6e0000 - 0x00007ffdeb75b000 	C:\WINDOWS\System32\bcryptPrimitives.dll
0x00007ffddc8f0000 - 0x00007ffddc918000 	C:\Program Files\Android\Android Studio\jbr\bin\java.dll
0x00007ffddc780000 - 0x00007ffddc78a000 	C:\Program Files\Android\Android Studio\jbr\bin\jimage.dll
0x00007ffdd8b20000 - 0x00007ffdd8b38000 	C:\Program Files\Android\Android Studio\jbr\bin\zip.dll
0x00007ffdec790000 - 0x00007ffdecf80000 	C:\WINDOWS\System32\SHELL32.dll
0x00007ffde9260000 - 0x00007ffde9b2d000 	C:\WINDOWS\SYSTEM32\windows.storage.dll
0x00007ffde9120000 - 0x00007ffde925e000 	C:\WINDOWS\SYSTEM32\wintypes.dll
0x00007ffdec560000 - 0x00007ffdec651000 	C:\WINDOWS\System32\SHCORE.dll
0x00007ffdebdd0000 - 0x00007ffdebe2e000 	C:\WINDOWS\System32\shlwapi.dll
0x00007ffdeb180000 - 0x00007ffdeb1a1000 	C:\WINDOWS\SYSTEM32\profapi.dll
0x00007ffdd8a90000 - 0x00007ffdd8aa9000 	C:\Program Files\Android\Android Studio\jbr\bin\net.dll
0x00007ffde4620000 - 0x00007ffde4757000 	C:\WINDOWS\SYSTEM32\WINHTTP.dll
0x00007ffdea710000 - 0x00007ffdea779000 	C:\WINDOWS\system32\mswsock.dll
0x00007ffdd8990000 - 0x00007ffdd89a3000 	C:\Program Files\Android\Android Studio\jbr\bin\nio.dll

dbghelp: loaded successfully - version: 4.0.5 - missing functions: none
symbol engine: initialized successfully - sym options: 0x614 - pdb path: .;C:\Program Files\Android\Android Studio\jbr\bin;C:\WINDOWS\SYSTEM32;C:\WINDOWS\WinSxS\amd64_microsoft.windows.common-controls_6595b64144ccf1df_6.0.22621.608_none_a9444ca7c10bb01d;C:\Program Files\Android\Android Studio\jbr\bin\server

VM Arguments:
java_command: org.jetbrains.kotlin.cli.jvm.K2JVMCompiler @C:\Users\LEGA\AndroidStudioProjects\IPN\app\build\20230501_12410358932594137846.compiler.options
java_class_path (initial): C:\Users\LEGA\.gradle\caches\modules-2\files-2.1\org.jetbrains.kotlin\kotlin-compiler-embeddable\1.8.10\b0757fd774344d54ce93f5ad6c30ba1c1731c8ff\kotlin-compiler-embeddable-1.8.10.jar;C:\Users\LEGA\.gradle\caches\modules-2\files-2.1\org.jetbrains.kotlin\kotlin-stdlib\1.8.10\6d5560a229477df9406943d5feda5618e98eb64c\kotlin-stdlib-1.8.10.jar;C:\Users\LEGA\.gradle\caches\modules-2\files-2.1\org.jetbrains.kotlin\kotlin-script-runtime\1.8.10\b13ea9c7e46d589139e56086a878763290e20bd5\kotlin-script-runtime-1.8.10.jar;C:\Users\LEGA\.gradle\caches\modules-2\files-2.1\org.jetbrains.kotlin\kotlin-reflect\1.6.10\1cbe9c92c12a94eea200d23c2bbaedaf3daf5132\kotlin-reflect-1.6.10.jar;C:\Users\LEGA\.gradle\caches\modules-2\files-2.1\org.jetbrains.kotlin\kotlin-daemon-embeddable\1.8.10\ad8541d9bc1cf9e52c3204161247910c2cf601d4\kotlin-daemon-embeddable-1.8.10.jar;C:\Users\LEGA\.gradle\caches\modules-2\files-2.1\org.jetbrains.intellij.deps\trove4j\1.0.20200330\3afb14d5f9ceb459d724e907a21145e8ff394f02\trove4j-1.0.20200330.jar;C:\Users\LEGA\.gradle\caches\modules-2\files-2.1\net.java.dev.jna\jna\5.6.0\330f2244e9030119ab3030fc3fededc86713d9cc\jna-5.6.0.jar;C:\Users\LEGA\.gradle\caches\modules-2\files-2.1\org.jetbrains.kotlin\kotlin-stdlib-common\1.8.10\a61b182458550492c12aee66157d7b524a63a5ec\kotlin-stdlib-common-1.8.10.jar;C:\Users\LEGA\.gradle\caches\modules-2\files-2.1\org.jetbrains\annotations\13.0\919f0dfe192fb4e063e7dacadee7f8bb9a2672a9\annotations-13.0.jar
Launcher Type: SUN_STANDARD

[Global flags]
     intx CICompilerCount                          = 4                                         {product} {ergonomic}
     uint ConcGCThreads                            = 2                                         {product} {ergonomic}
     uint G1ConcRefinementThreads                  = 8                                         {product} {ergonomic}
   size_t G1HeapRegionSize                         = 1048576                                   {product} {ergonomic}
    uintx GCDrainStackTargetSize                   = 64                                        {product} {ergonomic}
   size_t InitialHeapSize                          = 264241152                                 {product} {ergonomic}
   size_t MarkStackSize                            = 4194304                                   {product} {ergonomic}
   size_t MaxHeapSize                              = 4202692608                                {product} {ergonomic}
   size_t MaxNewSize                               = 2520776704                                {product} {ergonomic}
   size_t MinHeapDeltaBytes                        = 1048576                                   {product} {ergonomic}
    uintx NonNMethodCodeHeapSize                   = 5836300                                {pd product} {ergonomic}
    uintx NonProfiledCodeHeapSize                  = 122910970                              {pd product} {ergonomic}
    uintx ProfiledCodeHeapSize                     = 122910970                              {pd product} {ergonomic}
    uintx ReservedCodeCacheSize                    = 251658240                              {pd product} {ergonomic}
     bool SegmentedCodeCache                       = true                                      {product} {ergonomic}
     bool UseCompressedClassPointers               = true                                 {lp64_product} {ergonomic}
     bool UseCompressedOops                        = true                                 {lp64_product} {ergonomic}
     bool UseG1GC                                  = true                                      {product} {ergonomic}
     bool UseLargePagesIndividualAllocation        = false                                  {pd product} {ergonomic}

Logging:
Log output configuration:
 #0: stdout all=warning uptime,level,tags
 #1: stderr all=off uptime,level,tags

Environment Variables:
PATH=C:\Program Files\Common Files\Oracle\Java\javapath;C:\Program Files (x86)\Common Files\Oracle\Java\javapath;C:\Program Files (x86)\Common Files\Intel\Shared Libraries\redist\intel64\compiler;C:\WINDOWS\system32;C:\WINDOWS;C:\WINDOWS\System32\Wbem;C:\WINDOWS\System32\WindowsPowerShell\v1.0\;C:\WINDOWS\System32\OpenSSH\;E:\Phrase;C:\Program Files\dotnet\;C:\Program Files (x86)\dotnet\;E:\MatLab\bin;C:\Program Files\Git\cmd;C:\Program Files\nodejs\;C:\Users\LEGA\AppData\Local\Microsoft\WindowsApps;E:\Microsoft VS Code\bin;E:\Downloads\node-v18.15.0-win-x64;C:\Users\LEGA\AppData\Roaming\npm;
USERNAME=LEGA
OS=Windows_NT
PROCESSOR_IDENTIFIER=Intel64 Family 6 Model 165 Stepping 3, GenuineIntel



---------------  S Y S T E M  ---------------

OS: Windows 11 , 64 bit Build 22621 (10.0.22621.1485)
OS uptime: 2 days 11:50 hours

CPU:total 8 (initial active 8) (4 cores per cpu, 2 threads per core) family 6 model 165 stepping 3 microcode 0xe0, cmov, cx8, fxsr, mmx, sse, sse2, sse3, ssse3, sse4.1, sse4.2, popcnt, avx, avx2, aes, clmul, erms, 3dnowpref, lzcnt, ht, tsc, tscinvbit, bmi1, bmi2, adx, fma

Memory: 4k page, system-wide physical 16029M (482M free)
TotalPageFile size 44546M (AvailPageFile size 53M)
current process WorkingSet (physical memory assigned to process): 361M, peak: 361M
current process commit charge ("private bytes"): 478M, peak: 539M

vm_info: OpenJDK 64-Bit Server VM (11.0.15+0-b2043.56-9505619) for windows-amd64 JRE (11.0.15+0-b2043.56-9505619), built on Jan 19 2023 02:48:00 by "builduser" with unknown MS VC++:1929

END.
