#
# There is insufficient memory for the Java Runtime Environment to continue.
# Native memory allocation (malloc) failed to allocate 2027536 bytes for Chunk::new
# Possible reasons:
#   The system is out of physical RAM or swap space
#   The process is running with CompressedOops enabled, and the Java Heap may be blocking the growth of the native heap
# Possible solutions:
#   Reduce memory load on the system
#   Increase physical memory or swap space
#   Check if swap backing store is full
#   Decrease Java heap size (-Xmx/-Xms)
#   Decrease number of Java threads
#   Decrease Java thread stack sizes (-Xss)
#   Set larger code cache with -XX:ReservedCodeCacheSize=
#   JVM is running with Zero Based Compressed Oops mode in which the Java heap is
#     placed in the first 32GB address space. The Java Heap base address is the
#     maximum limit for the native heap growth. Please use -XX:HeapBaseMinAddress
#     to set the Java Heap base and to place the Java Heap above 32GB virtual address.
# This output file may be truncated or incomplete.
#
#  Out of Memory Error (src/hotspot/share/memory/arena.cpp:197), pid=17064, tid=9564
#
# JRE version: OpenJDK Runtime Environment (11.0.15) (build 11.0.15+0-b2043.56-9505619)
# Java VM: OpenJDK 64-Bit Server VM (11.0.15+0-b2043.56-9505619, mixed mode, tiered, compressed oops, g1 gc, windows-amd64)
# No core dump will be written. Minidumps are not enabled by default on client versions of Windows
#

---------------  S U M M A R Y ------------

Command Line: org.jetbrains.kotlin.cli.jvm.K2JVMCompiler @C:\Users\LEGA\AndroidStudioProjects\IPN\app\build\20230501_8478128861679298401.compiler.options

Host: Intel(R) Core(TM) i3-10100 CPU @ 3.60GHz, 8 cores, 15G,  Windows 11 , 64 bit Build 22621 (10.0.22621.1485)
Time: Mon May  1 18:37:04 2023 Central Standard Time (Mexico) elapsed time: 3.940063 seconds (0d 0h 0m 3s)

---------------  T H R E A D  ---------------

Current thread (0x000001e45530f800):  JavaThread "C2 CompilerThread0" daemon [_thread_in_native, id=9564, stack(0x0000000f22b00000,0x0000000f22c00000)]


Current CompileTask:
C2:   3940 5379       4       org.jetbrains.kotlin.com.intellij.lang.impl.PsiBuilderImpl::insertLeaves (88 bytes)

Stack: [0x0000000f22b00000,0x0000000f22c00000]
Native frames: (J=compiled Java code, j=interpreted, Vv=VM code, C=native code)
V  [jvm.dll+0x64135a]
V  [jvm.dll+0x7d39f9]
V  [jvm.dll+0x7d51b9]
V  [jvm.dll+0x7d58a3]
V  [jvm.dll+0x2691c5]
V  [jvm.dll+0xc1a5c]
V  [jvm.dll+0xc200c]
V  [jvm.dll+0x3774a7]
V  [jvm.dll+0x1b3914]
V  [jvm.dll+0x22163e]
V  [jvm.dll+0x220498]
V  [jvm.dll+0x19e851]
V  [jvm.dll+0x230479]
V  [jvm.dll+0x22e5ef]
V  [jvm.dll+0x794de1]
V  [jvm.dll+0x78dc24]
V  [jvm.dll+0x6400f6]
C  [ucrtbase.dll+0x29363]
C  [KERNEL32.DLL+0x1269d]
C  [ntdll.dll+0x5a9f8]


---------------  P R O C E S S  ---------------

Threads class SMR info:
_java_thread_list=0x000001e4573280e0, length=11, elements={
0x000001e435b9d000, 0x000001e454a56000, 0x000001e454a4a000, 0x000001e455309800,
0x000001e45530b800, 0x000001e45530e800, 0x000001e45530f800, 0x000001e455359800,
0x000001e455364000, 0x000001e4554cb800, 0x000001e4554c7000
}

Java Threads: ( => current thread )
  0x000001e435b9d000 JavaThread "main" [_thread_in_native, id=15720, stack(0x0000000f21f00000,0x0000000f22000000)]
  0x000001e454a56000 JavaThread "Reference Handler" daemon [_thread_blocked, id=13472, stack(0x0000000f22600000,0x0000000f22700000)]
  0x000001e454a4a000 JavaThread "Finalizer" daemon [_thread_blocked, id=2108, stack(0x0000000f22700000,0x0000000f22800000)]
  0x000001e455309800 JavaThread "Signal Dispatcher" daemon [_thread_blocked, id=4764, stack(0x0000000f22800000,0x0000000f22900000)]
  0x000001e45530b800 JavaThread "Attach Listener" daemon [_thread_blocked, id=6716, stack(0x0000000f22900000,0x0000000f22a00000)]
  0x000001e45530e800 JavaThread "Service Thread" daemon [_thread_blocked, id=13680, stack(0x0000000f22a00000,0x0000000f22b00000)]
=>0x000001e45530f800 JavaThread "C2 CompilerThread0" daemon [_thread_in_native, id=9564, stack(0x0000000f22b00000,0x0000000f22c00000)]
  0x000001e455359800 JavaThread "C1 CompilerThread0" daemon [_thread_in_native, id=2120, stack(0x0000000f22c00000,0x0000000f22d00000)]
  0x000001e455364000 JavaThread "Sweeper thread" daemon [_thread_blocked, id=12356, stack(0x0000000f22d00000,0x0000000f22e00000)]
  0x000001e4554cb800 JavaThread "Common-Cleaner" daemon [_thread_blocked, id=17364, stack(0x0000000f22f00000,0x0000000f23000000)]
  0x000001e4554c7000 JavaThread "C2 CompilerThread1" daemon [_thread_in_native, id=7064, stack(0x0000000f23000000,0x0000000f23100000)]

Other Threads:
  0x000001e454a41800 VMThread "VM Thread" [stack: 0x0000000f22500000,0x0000000f22600000] [id=7188]
  0x000001e4554c4000 WatcherThread [stack: 0x0000000f22e00000,0x0000000f22f00000] [id=8328]
  0x000001e435bb6000 GCTaskThread "GC Thread#0" [stack: 0x0000000f22000000,0x0000000f22100000] [id=17332]
  0x000001e455bae800 GCTaskThread "GC Thread#1" [stack: 0x0000000f23200000,0x0000000f23300000] [id=14836]
  0x000001e455867000 GCTaskThread "GC Thread#2" [stack: 0x0000000f23300000,0x0000000f23400000] [id=7892]
  0x000001e455ba3000 GCTaskThread "GC Thread#3" [stack: 0x0000000f23400000,0x0000000f23500000] [id=3760]
  0x000001e455c11800 GCTaskThread "GC Thread#4" [stack: 0x0000000f23500000,0x0000000f23600000] [id=17356]
  0x000001e455c12800 GCTaskThread "GC Thread#5" [stack: 0x0000000f23600000,0x0000000f23700000] [id=16896]
  0x000001e435c11800 ConcurrentGCThread "G1 Main Marker" [stack: 0x0000000f22100000,0x0000000f22200000] [id=13800]
  0x000001e435c13800 ConcurrentGCThread "G1 Conc#0" [stack: 0x0000000f22200000,0x0000000f22300000] [id=1296]
  0x000001e4566a0000 ConcurrentGCThread "G1 Conc#1" [stack: 0x0000000f23700000,0x0000000f23800000] [id=14744]
  0x000001e454927800 ConcurrentGCThread "G1 Refine#0" [stack: 0x0000000f22300000,0x0000000f22400000] [id=8160]
  0x000001e45697e800 ConcurrentGCThread "G1 Refine#1" [stack: 0x0000000f23800000,0x0000000f23900000] [id=4144]
  0x000001e4566e0800 ConcurrentGCThread "G1 Refine#2" [stack: 0x0000000f23900000,0x0000000f23a00000] [id=13248]
  0x000001e456c63800 ConcurrentGCThread "G1 Refine#3" [stack: 0x0000000f23a00000,0x0000000f23b00000] [id=6204]
  0x000001e456db3000 ConcurrentGCThread "G1 Refine#4" [stack: 0x0000000f23b00000,0x0000000f23c00000] [id=1324]
  0x000001e45492c000 ConcurrentGCThread "G1 Young RemSet Sampling" [stack: 0x0000000f22400000,0x0000000f22500000] [id=3036]

Threads with active compile tasks:
C2 CompilerThread0     3965 5379       4       org.jetbrains.kotlin.com.intellij.lang.impl.PsiBuilderImpl::insertLeaves (88 bytes)
C1 CompilerThread0     3965 6365       2       org.jetbrains.kotlin.load.java.lazy.descriptors.LazyJavaScope::resolveValueParameters (503 bytes)
C2 CompilerThread1     3965 6118       4       org.jetbrains.kotlin.load.java.structure.impl.classFiles.BinaryClassSignatureParser::parseParameterizedClassRefSignature (262 bytes)

VM state:not at safepoint (normal execution)

VM Mutex/Monitor currently owned by a thread: None

Heap address: 0x0000000705800000, size: 4008 MB, Compressed Oops mode: Zero based, Oop shift amount: 3
Narrow klass base: 0x0000000800000000, Narrow klass shift: 0
Compressed class space size: 1073741824 Address: 0x0000000800000000

Heap:
 garbage-first heap   total 258048K, used 124153K [0x0000000705800000, 0x0000000800000000)
  region size 1024K, 98 young (100352K), 11 survivors (11264K)
 Metaspace       used 56257K, capacity 56858K, committed 57040K, reserved 1099776K
  class space    used 6271K, capacity 6527K, committed 6612K, reserved 1048576K
Heap Regions: E=young(eden), S=young(survivor), O=old, HS=humongous(starts), HC=humongous(continues), CS=collection set, F=free, A=archive, TAMS=top-at-mark-start (previous, next)
|   0|0x0000000705800000, 0x0000000705900000, 0x0000000705900000|100%|HS|  |TAMS 0x0000000705900000, 0x0000000705800000| Complete 
|   1|0x0000000705900000, 0x0000000705a00000, 0x0000000705a00000|100%|HC|  |TAMS 0x0000000705a00000, 0x0000000705900000| Complete 
|   2|0x0000000705a00000, 0x0000000705b00000, 0x0000000705b00000|100%|HC|  |TAMS 0x0000000705b00000, 0x0000000705a00000| Complete 
|   3|0x0000000705b00000, 0x0000000705c00000, 0x0000000705c00000|100%|HC|  |TAMS 0x0000000705c00000, 0x0000000705b00000| Complete 
|   4|0x0000000705c00000, 0x0000000705d00000, 0x0000000705d00000|100%|HS|  |TAMS 0x0000000705d00000, 0x0000000705c00000| Complete 
|   5|0x0000000705d00000, 0x0000000705e00000, 0x0000000705e00000|100%|HC|  |TAMS 0x0000000705e00000, 0x0000000705d00000| Complete 
|   6|0x0000000705e00000, 0x0000000705f00000, 0x0000000705f00000|100%|HC|  |TAMS 0x0000000705f00000, 0x0000000705e00000| Complete 
|   7|0x0000000705f00000, 0x0000000706000000, 0x0000000706000000|100%|HC|  |TAMS 0x0000000706000000, 0x0000000705f00000| Complete 
|   8|0x0000000706000000, 0x0000000706000000, 0x0000000706100000|  0%| F|  |TAMS 0x0000000706000000, 0x0000000706000000| Untracked 
|   9|0x0000000706100000, 0x0000000706100000, 0x0000000706200000|  0%| F|  |TAMS 0x0000000706100000, 0x0000000706100000| Untracked 
|  10|0x0000000706200000, 0x0000000706300000, 0x0000000706300000|100%| O|  |TAMS 0x0000000706300000, 0x0000000706200000| Untracked 
|  11|0x0000000706300000, 0x0000000706400000, 0x0000000706400000|100%| O|  |TAMS 0x0000000706400000, 0x0000000706300000| Untracked 
|  12|0x0000000706400000, 0x0000000706500000, 0x0000000706500000|100%| O|  |TAMS 0x0000000706500000, 0x0000000706400000| Untracked 
|  13|0x0000000706500000, 0x0000000706600000, 0x0000000706600000|100%| O|  |TAMS 0x0000000706600000, 0x0000000706500000| Untracked 
|  14|0x0000000706600000, 0x0000000706700000, 0x0000000706700000|100%| O|  |TAMS 0x0000000706700000, 0x0000000706600000| Untracked 
|  15|0x0000000706700000, 0x0000000706800000, 0x0000000706800000|100%| O|  |TAMS 0x0000000706800000, 0x0000000706700000| Untracked 
|  16|0x0000000706800000, 0x0000000706900000, 0x0000000706900000|100%| O|  |TAMS 0x0000000706900000, 0x0000000706800000| Untracked 
|  17|0x0000000706900000, 0x0000000706a00000, 0x0000000706a00000|100%| O|  |TAMS 0x0000000706a00000, 0x0000000706900000| Untracked 
|  18|0x0000000706a00000, 0x0000000706b00000, 0x0000000706b00000|100%| O|  |TAMS 0x0000000706b00000, 0x0000000706a00000| Untracked 
|  19|0x0000000706b00000, 0x0000000706c00000, 0x0000000706c00000|100%| O|  |TAMS 0x0000000706c00000, 0x0000000706b00000| Untracked 
|  20|0x0000000706c00000, 0x0000000706d00000, 0x0000000706d00000|100%| O|  |TAMS 0x0000000706d00000, 0x0000000706c00000| Untracked 
|  21|0x0000000706d00000, 0x0000000706e00000, 0x0000000706e00000|100%| O|  |TAMS 0x0000000706e00000, 0x0000000706d00000| Untracked 
|  22|0x0000000706e00000, 0x0000000706f00000, 0x0000000706f00000|100%| O|  |TAMS 0x0000000706f00000, 0x0000000706e00000| Untracked 
|  23|0x0000000706f00000, 0x0000000707000000, 0x0000000707000000|100%| O|  |TAMS 0x0000000707000000, 0x0000000706f00000| Untracked 
|  24|0x0000000707000000, 0x00000007070d4800, 0x0000000707100000| 83%| O|  |TAMS 0x00000007070d4800, 0x0000000707000000| Untracked 
|  25|0x0000000707100000, 0x0000000707100000, 0x0000000707200000|  0%| F|  |TAMS 0x0000000707100000, 0x0000000707100000| Untracked 
|  26|0x0000000707200000, 0x0000000707300000, 0x0000000707300000|100%|HS|  |TAMS 0x0000000707200000, 0x0000000707200000| Complete 
|  27|0x0000000707300000, 0x0000000707400000, 0x0000000707400000|100%|HC|  |TAMS 0x0000000707300000, 0x0000000707300000| Complete 
|  28|0x0000000707400000, 0x0000000707400000, 0x0000000707500000|  0%| F|  |TAMS 0x0000000707400000, 0x0000000707400000| Untracked 
|  29|0x0000000707500000, 0x0000000707500000, 0x0000000707600000|  0%| F|  |TAMS 0x0000000707500000, 0x0000000707500000| Untracked 
|  30|0x0000000707600000, 0x0000000707600000, 0x0000000707700000|  0%| F|  |TAMS 0x0000000707600000, 0x0000000707600000| Untracked 
|  31|0x0000000707700000, 0x0000000707700000, 0x0000000707800000|  0%| F|  |TAMS 0x0000000707700000, 0x0000000707700000| Untracked 
|  32|0x0000000707800000, 0x0000000707800000, 0x0000000707900000|  0%| F|  |TAMS 0x0000000707800000, 0x0000000707800000| Untracked 
|  33|0x0000000707900000, 0x0000000707900000, 0x0000000707a00000|  0%| F|  |TAMS 0x0000000707900000, 0x0000000707900000| Untracked 
|  34|0x0000000707a00000, 0x0000000707a00000, 0x0000000707b00000|  0%| F|  |TAMS 0x0000000707a00000, 0x0000000707a00000| Untracked 
|  35|0x0000000707b00000, 0x0000000707b00000, 0x0000000707c00000|  0%| F|  |TAMS 0x0000000707b00000, 0x0000000707b00000| Untracked 
|  36|0x0000000707c00000, 0x0000000707c00000, 0x0000000707d00000|  0%| F|  |TAMS 0x0000000707c00000, 0x0000000707c00000| Untracked 
|  37|0x0000000707d00000, 0x0000000707d00000, 0x0000000707e00000|  0%| F|  |TAMS 0x0000000707d00000, 0x0000000707d00000| Untracked 
|  38|0x0000000707e00000, 0x0000000707e00000, 0x0000000707f00000|  0%| F|  |TAMS 0x0000000707e00000, 0x0000000707e00000| Untracked 
|  39|0x0000000707f00000, 0x0000000707f00000, 0x0000000708000000|  0%| F|  |TAMS 0x0000000707f00000, 0x0000000707f00000| Untracked 
|  40|0x0000000708000000, 0x0000000708000000, 0x0000000708100000|  0%| F|  |TAMS 0x0000000708000000, 0x0000000708000000| Untracked 
|  41|0x0000000708100000, 0x0000000708100000, 0x0000000708200000|  0%| F|  |TAMS 0x0000000708100000, 0x0000000708100000| Untracked 
|  42|0x0000000708200000, 0x0000000708200000, 0x0000000708300000|  0%| F|  |TAMS 0x0000000708200000, 0x0000000708200000| Untracked 
|  43|0x0000000708300000, 0x0000000708300000, 0x0000000708400000|  0%| F|  |TAMS 0x0000000708300000, 0x0000000708300000| Untracked 
|  44|0x0000000708400000, 0x0000000708400000, 0x0000000708500000|  0%| F|  |TAMS 0x0000000708400000, 0x0000000708400000| Untracked 
|  45|0x0000000708500000, 0x0000000708500000, 0x0000000708600000|  0%| F|  |TAMS 0x0000000708500000, 0x0000000708500000| Untracked 
|  46|0x0000000708600000, 0x0000000708600000, 0x0000000708700000|  0%| F|  |TAMS 0x0000000708600000, 0x0000000708600000| Untracked 
|  47|0x0000000708700000, 0x0000000708700000, 0x0000000708800000|  0%| F|  |TAMS 0x0000000708700000, 0x0000000708700000| Untracked 
|  48|0x0000000708800000, 0x0000000708800000, 0x0000000708900000|  0%| F|  |TAMS 0x0000000708800000, 0x0000000708800000| Untracked 
|  49|0x0000000708900000, 0x0000000708900000, 0x0000000708a00000|  0%| F|  |TAMS 0x0000000708900000, 0x0000000708900000| Untracked 
|  50|0x0000000708a00000, 0x0000000708a00000, 0x0000000708b00000|  0%| F|  |TAMS 0x0000000708a00000, 0x0000000708a00000| Untracked 
|  51|0x0000000708b00000, 0x0000000708b00000, 0x0000000708c00000|  0%| F|  |TAMS 0x0000000708b00000, 0x0000000708b00000| Untracked 
|  52|0x0000000708c00000, 0x0000000708c00000, 0x0000000708d00000|  0%| F|  |TAMS 0x0000000708c00000, 0x0000000708c00000| Untracked 
|  53|0x0000000708d00000, 0x0000000708d00000, 0x0000000708e00000|  0%| F|  |TAMS 0x0000000708d00000, 0x0000000708d00000| Untracked 
|  54|0x0000000708e00000, 0x0000000708e00000, 0x0000000708f00000|  0%| F|  |TAMS 0x0000000708e00000, 0x0000000708e00000| Untracked 
|  55|0x0000000708f00000, 0x0000000708f00000, 0x0000000709000000|  0%| F|  |TAMS 0x0000000708f00000, 0x0000000708f00000| Untracked 
|  56|0x0000000709000000, 0x0000000709000000, 0x0000000709100000|  0%| F|  |TAMS 0x0000000709000000, 0x0000000709000000| Untracked 
|  57|0x0000000709100000, 0x0000000709100000, 0x0000000709200000|  0%| F|  |TAMS 0x0000000709100000, 0x0000000709100000| Untracked 
|  58|0x0000000709200000, 0x0000000709200000, 0x0000000709300000|  0%| F|  |TAMS 0x0000000709200000, 0x0000000709200000| Untracked 
|  59|0x0000000709300000, 0x0000000709300000, 0x0000000709400000|  0%| F|  |TAMS 0x0000000709300000, 0x0000000709300000| Untracked 
|  60|0x0000000709400000, 0x0000000709400000, 0x0000000709500000|  0%| F|  |TAMS 0x0000000709400000, 0x0000000709400000| Untracked 
|  61|0x0000000709500000, 0x0000000709500000, 0x0000000709600000|  0%| F|  |TAMS 0x0000000709500000, 0x0000000709500000| Untracked 
|  62|0x0000000709600000, 0x0000000709600000, 0x0000000709700000|  0%| F|  |TAMS 0x0000000709600000, 0x0000000709600000| Untracked 
|  63|0x0000000709700000, 0x0000000709700000, 0x0000000709800000|  0%| F|  |TAMS 0x0000000709700000, 0x0000000709700000| Untracked 
|  64|0x0000000709800000, 0x0000000709800000, 0x0000000709900000|  0%| F|  |TAMS 0x0000000709800000, 0x0000000709800000| Untracked 
|  65|0x0000000709900000, 0x0000000709900000, 0x0000000709a00000|  0%| F|  |TAMS 0x0000000709900000, 0x0000000709900000| Untracked 
|  66|0x0000000709a00000, 0x0000000709a00000, 0x0000000709b00000|  0%| F|  |TAMS 0x0000000709a00000, 0x0000000709a00000| Untracked 
|  67|0x0000000709b00000, 0x0000000709b00000, 0x0000000709c00000|  0%| F|  |TAMS 0x0000000709b00000, 0x0000000709b00000| Untracked 
|  68|0x0000000709c00000, 0x0000000709c00000, 0x0000000709d00000|  0%| F|  |TAMS 0x0000000709c00000, 0x0000000709c00000| Untracked 
|  69|0x0000000709d00000, 0x0000000709d00000, 0x0000000709e00000|  0%| F|  |TAMS 0x0000000709d00000, 0x0000000709d00000| Untracked 
|  70|0x0000000709e00000, 0x0000000709e00000, 0x0000000709f00000|  0%| F|  |TAMS 0x0000000709e00000, 0x0000000709e00000| Untracked 
|  71|0x0000000709f00000, 0x0000000709f00000, 0x000000070a000000|  0%| F|  |TAMS 0x0000000709f00000, 0x0000000709f00000| Untracked 
|  72|0x000000070a000000, 0x000000070a000000, 0x000000070a100000|  0%| F|  |TAMS 0x000000070a000000, 0x000000070a000000| Untracked 
|  73|0x000000070a100000, 0x000000070a100000, 0x000000070a200000|  0%| F|  |TAMS 0x000000070a100000, 0x000000070a100000| Untracked 
|  74|0x000000070a200000, 0x000000070a200000, 0x000000070a300000|  0%| F|  |TAMS 0x000000070a200000, 0x000000070a200000| Untracked 
|  75|0x000000070a300000, 0x000000070a300000, 0x000000070a400000|  0%| F|  |TAMS 0x000000070a300000, 0x000000070a300000| Untracked 
|  76|0x000000070a400000, 0x000000070a400000, 0x000000070a500000|  0%| F|  |TAMS 0x000000070a400000, 0x000000070a400000| Untracked 
|  77|0x000000070a500000, 0x000000070a500000, 0x000000070a600000|  0%| F|  |TAMS 0x000000070a500000, 0x000000070a500000| Untracked 
|  78|0x000000070a600000, 0x000000070a600000, 0x000000070a700000|  0%| F|  |TAMS 0x000000070a600000, 0x000000070a600000| Untracked 
|  79|0x000000070a700000, 0x000000070a700000, 0x000000070a800000|  0%| F|  |TAMS 0x000000070a700000, 0x000000070a700000| Untracked 
|  80|0x000000070a800000, 0x000000070a800000, 0x000000070a900000|  0%| F|  |TAMS 0x000000070a800000, 0x000000070a800000| Untracked 
|  81|0x000000070a900000, 0x000000070a900000, 0x000000070aa00000|  0%| F|  |TAMS 0x000000070a900000, 0x000000070a900000| Untracked 
|  82|0x000000070aa00000, 0x000000070aa00000, 0x000000070ab00000|  0%| F|  |TAMS 0x000000070aa00000, 0x000000070aa00000| Untracked 
|  83|0x000000070ab00000, 0x000000070ab00000, 0x000000070ac00000|  0%| F|  |TAMS 0x000000070ab00000, 0x000000070ab00000| Untracked 
|  84|0x000000070ac00000, 0x000000070ac00000, 0x000000070ad00000|  0%| F|  |TAMS 0x000000070ac00000, 0x000000070ac00000| Untracked 
|  85|0x000000070ad00000, 0x000000070ad00000, 0x000000070ae00000|  0%| F|  |TAMS 0x000000070ad00000, 0x000000070ad00000| Untracked 
|  86|0x000000070ae00000, 0x000000070ae00000, 0x000000070af00000|  0%| F|  |TAMS 0x000000070ae00000, 0x000000070ae00000| Untracked 
|  87|0x000000070af00000, 0x000000070af00000, 0x000000070b000000|  0%| F|  |TAMS 0x000000070af00000, 0x000000070af00000| Untracked 
|  88|0x000000070b000000, 0x000000070b000000, 0x000000070b100000|  0%| F|  |TAMS 0x000000070b000000, 0x000000070b000000| Untracked 
|  89|0x000000070b100000, 0x000000070b100000, 0x000000070b200000|  0%| F|  |TAMS 0x000000070b100000, 0x000000070b100000| Untracked 
|  90|0x000000070b200000, 0x000000070b200000, 0x000000070b300000|  0%| F|  |TAMS 0x000000070b200000, 0x000000070b200000| Untracked 
|  91|0x000000070b300000, 0x000000070b300000, 0x000000070b400000|  0%| F|  |TAMS 0x000000070b300000, 0x000000070b300000| Untracked 
|  92|0x000000070b400000, 0x000000070b400000, 0x000000070b500000|  0%| F|  |TAMS 0x000000070b400000, 0x000000070b400000| Untracked 
|  93|0x000000070b500000, 0x000000070b500000, 0x000000070b600000|  0%| F|  |TAMS 0x000000070b500000, 0x000000070b500000| Untracked 
|  94|0x000000070b600000, 0x000000070b600000, 0x000000070b700000|  0%| F|  |TAMS 0x000000070b600000, 0x000000070b600000| Untracked 
|  95|0x000000070b700000, 0x000000070b700000, 0x000000070b800000|  0%| F|  |TAMS 0x000000070b700000, 0x000000070b700000| Untracked 
|  96|0x000000070b800000, 0x000000070b800000, 0x000000070b900000|  0%| F|  |TAMS 0x000000070b800000, 0x000000070b800000| Untracked 
|  97|0x000000070b900000, 0x000000070b900000, 0x000000070ba00000|  0%| F|  |TAMS 0x000000070b900000, 0x000000070b900000| Untracked 
|  98|0x000000070ba00000, 0x000000070ba00000, 0x000000070bb00000|  0%| F|  |TAMS 0x000000070ba00000, 0x000000070ba00000| Untracked 
|  99|0x000000070bb00000, 0x000000070bb00000, 0x000000070bc00000|  0%| F|  |TAMS 0x000000070bb00000, 0x000000070bb00000| Untracked 
| 100|0x000000070bc00000, 0x000000070bc00000, 0x000000070bd00000|  0%| F|  |TAMS 0x000000070bc00000, 0x000000070bc00000| Untracked 
| 101|0x000000070bd00000, 0x000000070bd00000, 0x000000070be00000|  0%| F|  |TAMS 0x000000070bd00000, 0x000000070bd00000| Untracked 
| 102|0x000000070be00000, 0x000000070be00000, 0x000000070bf00000|  0%| F|  |TAMS 0x000000070be00000, 0x000000070be00000| Untracked 
| 103|0x000000070bf00000, 0x000000070bf00000, 0x000000070c000000|  0%| F|  |TAMS 0x000000070bf00000, 0x000000070bf00000| Untracked 
| 104|0x000000070c000000, 0x000000070c000000, 0x000000070c100000|  0%| F|  |TAMS 0x000000070c000000, 0x000000070c000000| Untracked 
| 105|0x000000070c100000, 0x000000070c100000, 0x000000070c200000|  0%| F|  |TAMS 0x000000070c100000, 0x000000070c100000| Untracked 
| 106|0x000000070c200000, 0x000000070c200000, 0x000000070c300000|  0%| F|  |TAMS 0x000000070c200000, 0x000000070c200000| Untracked 
| 107|0x000000070c300000, 0x000000070c300000, 0x000000070c400000|  0%| F|  |TAMS 0x000000070c300000, 0x000000070c300000| Untracked 
| 108|0x000000070c400000, 0x000000070c400000, 0x000000070c500000|  0%| F|  |TAMS 0x000000070c400000, 0x000000070c400000| Untracked 
| 109|0x000000070c500000, 0x000000070c500000, 0x000000070c600000|  0%| F|  |TAMS 0x000000070c500000, 0x000000070c500000| Untracked 
| 110|0x000000070c600000, 0x000000070c600000, 0x000000070c700000|  0%| F|  |TAMS 0x000000070c600000, 0x000000070c600000| Untracked 
| 111|0x000000070c700000, 0x000000070c700000, 0x000000070c800000|  0%| F|  |TAMS 0x000000070c700000, 0x000000070c700000| Untracked 
| 112|0x000000070c800000, 0x000000070c800000, 0x000000070c900000|  0%| F|  |TAMS 0x000000070c800000, 0x000000070c800000| Untracked 
| 113|0x000000070c900000, 0x000000070c900000, 0x000000070ca00000|  0%| F|  |TAMS 0x000000070c900000, 0x000000070c900000| Untracked 
| 114|0x000000070ca00000, 0x000000070ca00000, 0x000000070cb00000|  0%| F|  |TAMS 0x000000070ca00000, 0x000000070ca00000| Untracked 
| 115|0x000000070cb00000, 0x000000070cb00000, 0x000000070cc00000|  0%| F|  |TAMS 0x000000070cb00000, 0x000000070cb00000| Untracked 
| 116|0x000000070cc00000, 0x000000070cc00000, 0x000000070cd00000|  0%| F|  |TAMS 0x000000070cc00000, 0x000000070cc00000| Untracked 
| 117|0x000000070cd00000, 0x000000070cd00000, 0x000000070ce00000|  0%| F|  |TAMS 0x000000070cd00000, 0x000000070cd00000| Untracked 
| 118|0x000000070ce00000, 0x000000070ce00000, 0x000000070cf00000|  0%| F|  |TAMS 0x000000070ce00000, 0x000000070ce00000| Untracked 
| 119|0x000000070cf00000, 0x000000070cf00000, 0x000000070d000000|  0%| F|  |TAMS 0x000000070cf00000, 0x000000070cf00000| Untracked 
| 120|0x000000070d000000, 0x000000070d000000, 0x000000070d100000|  0%| F|  |TAMS 0x000000070d000000, 0x000000070d000000| Untracked 
| 121|0x000000070d100000, 0x000000070d100000, 0x000000070d200000|  0%| F|  |TAMS 0x000000070d100000, 0x000000070d100000| Untracked 
| 122|0x000000070d200000, 0x000000070d200000, 0x000000070d300000|  0%| F|  |TAMS 0x000000070d200000, 0x000000070d200000| Untracked 
| 123|0x000000070d300000, 0x000000070d300000, 0x000000070d400000|  0%| F|  |TAMS 0x000000070d300000, 0x000000070d300000| Untracked 
| 124|0x000000070d400000, 0x000000070d400000, 0x000000070d500000|  0%| F|  |TAMS 0x000000070d400000, 0x000000070d400000| Untracked 
| 125|0x000000070d500000, 0x000000070d500000, 0x000000070d600000|  0%| F|  |TAMS 0x000000070d500000, 0x000000070d500000| Untracked 
| 126|0x000000070d600000, 0x000000070d600000, 0x000000070d700000|  0%| F|  |TAMS 0x000000070d600000, 0x000000070d600000| Untracked 
| 127|0x000000070d700000, 0x000000070d700000, 0x000000070d800000|  0%| F|  |TAMS 0x000000070d700000, 0x000000070d700000| Untracked 
| 128|0x000000070d800000, 0x000000070d800000, 0x000000070d900000|  0%| F|  |TAMS 0x000000070d800000, 0x000000070d800000| Untracked 
| 129|0x000000070d900000, 0x000000070d900000, 0x000000070da00000|  0%| F|  |TAMS 0x000000070d900000, 0x000000070d900000| Untracked 
| 130|0x000000070da00000, 0x000000070da00000, 0x000000070db00000|  0%| F|  |TAMS 0x000000070da00000, 0x000000070da00000| Untracked 
| 131|0x000000070db00000, 0x000000070db00000, 0x000000070dc00000|  0%| F|  |TAMS 0x000000070db00000, 0x000000070db00000| Untracked 
| 132|0x000000070dc00000, 0x000000070dc00000, 0x000000070dd00000|  0%| F|  |TAMS 0x000000070dc00000, 0x000000070dc00000| Untracked 
| 133|0x000000070dd00000, 0x000000070dd00000, 0x000000070de00000|  0%| F|  |TAMS 0x000000070dd00000, 0x000000070dd00000| Untracked 
| 134|0x000000070de00000, 0x000000070de00000, 0x000000070df00000|  0%| F|  |TAMS 0x000000070de00000, 0x000000070de00000| Untracked 
| 135|0x000000070df00000, 0x000000070df00000, 0x000000070e000000|  0%| F|  |TAMS 0x000000070df00000, 0x000000070df00000| Untracked 
| 136|0x000000070e000000, 0x000000070e000000, 0x000000070e100000|  0%| F|  |TAMS 0x000000070e000000, 0x000000070e000000| Untracked 
| 137|0x000000070e100000, 0x000000070e169db0, 0x000000070e200000| 41%| S|CS|TAMS 0x000000070e100000, 0x000000070e100000| Complete 
| 138|0x000000070e200000, 0x000000070e300000, 0x000000070e300000|100%| S|CS|TAMS 0x000000070e200000, 0x000000070e200000| Complete 
| 139|0x000000070e300000, 0x000000070e400000, 0x000000070e400000|100%| S|CS|TAMS 0x000000070e300000, 0x000000070e300000| Complete 
| 140|0x000000070e400000, 0x000000070e500000, 0x000000070e500000|100%| S|CS|TAMS 0x000000070e400000, 0x000000070e400000| Complete 
| 141|0x000000070e500000, 0x000000070e600000, 0x000000070e600000|100%| S|CS|TAMS 0x000000070e500000, 0x000000070e500000| Complete 
| 142|0x000000070e600000, 0x000000070e700000, 0x000000070e700000|100%| S|CS|TAMS 0x000000070e600000, 0x000000070e600000| Complete 
| 143|0x000000070e700000, 0x000000070e800000, 0x000000070e800000|100%| S|CS|TAMS 0x000000070e700000, 0x000000070e700000| Complete 
| 144|0x000000070e800000, 0x000000070e900000, 0x000000070e900000|100%| S|CS|TAMS 0x000000070e800000, 0x000000070e800000| Complete 
| 145|0x000000070e900000, 0x000000070ea00000, 0x000000070ea00000|100%| S|CS|TAMS 0x000000070e900000, 0x000000070e900000| Complete 
| 146|0x000000070ea00000, 0x000000070eb00000, 0x000000070eb00000|100%| S|CS|TAMS 0x000000070ea00000, 0x000000070ea00000| Complete 
| 147|0x000000070eb00000, 0x000000070ec00000, 0x000000070ec00000|100%| S|CS|TAMS 0x000000070eb00000, 0x000000070eb00000| Complete 
| 148|0x000000070ec00000, 0x000000070ec00000, 0x000000070ed00000|  0%| F|  |TAMS 0x000000070ec00000, 0x000000070ec00000| Untracked 
| 149|0x000000070ed00000, 0x000000070ed00000, 0x000000070ee00000|  0%| F|  |TAMS 0x000000070ed00000, 0x000000070ed00000| Untracked 
| 150|0x000000070ee00000, 0x000000070ee00000, 0x000000070ef00000|  0%| F|  |TAMS 0x000000070ee00000, 0x000000070ee00000| Untracked 
| 151|0x000000070ef00000, 0x000000070ef00000, 0x000000070f000000|  0%| F|  |TAMS 0x000000070ef00000, 0x000000070ef00000| Untracked 
| 152|0x000000070f000000, 0x000000070f000000, 0x000000070f100000|  0%| F|  |TAMS 0x000000070f000000, 0x000000070f000000| Untracked 
| 153|0x000000070f100000, 0x000000070f100000, 0x000000070f200000|  0%| F|  |TAMS 0x000000070f100000, 0x000000070f100000| Untracked 
| 154|0x000000070f200000, 0x000000070f200000, 0x000000070f300000|  0%| F|  |TAMS 0x000000070f200000, 0x000000070f200000| Untracked 
| 155|0x000000070f300000, 0x000000070f300000, 0x000000070f400000|  0%| F|  |TAMS 0x000000070f300000, 0x000000070f300000| Untracked 
| 156|0x000000070f400000, 0x000000070f400000, 0x000000070f500000|  0%| F|  |TAMS 0x000000070f400000, 0x000000070f400000| Untracked 
| 157|0x000000070f500000, 0x000000070f500000, 0x000000070f600000|  0%| F|  |TAMS 0x000000070f500000, 0x000000070f500000| Untracked 
| 158|0x000000070f600000, 0x000000070f600000, 0x000000070f700000|  0%| F|  |TAMS 0x000000070f600000, 0x000000070f600000| Untracked 
| 159|0x000000070f700000, 0x000000070f700000, 0x000000070f800000|  0%| F|  |TAMS 0x000000070f700000, 0x000000070f700000| Untracked 
| 160|0x000000070f800000, 0x000000070f800000, 0x000000070f900000|  0%| F|  |TAMS 0x000000070f800000, 0x000000070f800000| Untracked 
| 161|0x000000070f900000, 0x000000070f900000, 0x000000070fa00000|  0%| F|  |TAMS 0x000000070f900000, 0x000000070f900000| Untracked 
| 162|0x000000070fa00000, 0x000000070fa00000, 0x000000070fb00000|  0%| F|  |TAMS 0x000000070fa00000, 0x000000070fa00000| Untracked 
| 163|0x000000070fb00000, 0x000000070fb00000, 0x000000070fc00000|  0%| F|  |TAMS 0x000000070fb00000, 0x000000070fb00000| Untracked 
| 164|0x000000070fc00000, 0x000000070fc80800, 0x000000070fd00000| 50%| E|  |TAMS 0x000000070fc00000, 0x000000070fc00000| Complete 
| 165|0x000000070fd00000, 0x000000070fe00000, 0x000000070fe00000|100%| E|CS|TAMS 0x000000070fd00000, 0x000000070fd00000| Complete 
| 166|0x000000070fe00000, 0x000000070ff00000, 0x000000070ff00000|100%| E|CS|TAMS 0x000000070fe00000, 0x000000070fe00000| Complete 
| 167|0x000000070ff00000, 0x0000000710000000, 0x0000000710000000|100%| E|CS|TAMS 0x000000070ff00000, 0x000000070ff00000| Complete 
| 168|0x0000000710000000, 0x0000000710100000, 0x0000000710100000|100%| E|CS|TAMS 0x0000000710000000, 0x0000000710000000| Complete 
| 169|0x0000000710100000, 0x0000000710200000, 0x0000000710200000|100%| E|CS|TAMS 0x0000000710100000, 0x0000000710100000| Complete 
| 170|0x0000000710200000, 0x0000000710300000, 0x0000000710300000|100%| E|CS|TAMS 0x0000000710200000, 0x0000000710200000| Complete 
| 171|0x0000000710300000, 0x0000000710400000, 0x0000000710400000|100%| E|CS|TAMS 0x0000000710300000, 0x0000000710300000| Complete 
| 172|0x0000000710400000, 0x0000000710500000, 0x0000000710500000|100%| E|CS|TAMS 0x0000000710400000, 0x0000000710400000| Complete 
| 173|0x0000000710500000, 0x0000000710600000, 0x0000000710600000|100%| E|CS|TAMS 0x0000000710500000, 0x0000000710500000| Complete 
| 174|0x0000000710600000, 0x0000000710700000, 0x0000000710700000|100%| E|CS|TAMS 0x0000000710600000, 0x0000000710600000| Complete 
| 175|0x0000000710700000, 0x0000000710800000, 0x0000000710800000|100%| E|CS|TAMS 0x0000000710700000, 0x0000000710700000| Complete 
| 176|0x0000000710800000, 0x0000000710900000, 0x0000000710900000|100%| E|CS|TAMS 0x0000000710800000, 0x0000000710800000| Complete 
| 177|0x0000000710900000, 0x0000000710a00000, 0x0000000710a00000|100%| E|CS|TAMS 0x0000000710900000, 0x0000000710900000| Complete 
| 178|0x0000000710a00000, 0x0000000710b00000, 0x0000000710b00000|100%| E|CS|TAMS 0x0000000710a00000, 0x0000000710a00000| Complete 
| 179|0x0000000710b00000, 0x0000000710c00000, 0x0000000710c00000|100%| E|CS|TAMS 0x0000000710b00000, 0x0000000710b00000| Complete 
| 180|0x0000000710c00000, 0x0000000710d00000, 0x0000000710d00000|100%| E|CS|TAMS 0x0000000710c00000, 0x0000000710c00000| Complete 
| 181|0x0000000710d00000, 0x0000000710e00000, 0x0000000710e00000|100%| E|CS|TAMS 0x0000000710d00000, 0x0000000710d00000| Complete 
| 182|0x0000000710e00000, 0x0000000710f00000, 0x0000000710f00000|100%| E|CS|TAMS 0x0000000710e00000, 0x0000000710e00000| Complete 
| 183|0x0000000710f00000, 0x0000000711000000, 0x0000000711000000|100%| E|CS|TAMS 0x0000000710f00000, 0x0000000710f00000| Complete 
| 184|0x0000000711000000, 0x0000000711100000, 0x0000000711100000|100%| E|CS|TAMS 0x0000000711000000, 0x0000000711000000| Complete 
| 185|0x0000000711100000, 0x0000000711200000, 0x0000000711200000|100%| E|CS|TAMS 0x0000000711100000, 0x0000000711100000| Complete 
| 186|0x0000000711200000, 0x0000000711300000, 0x0000000711300000|100%| E|CS|TAMS 0x0000000711200000, 0x0000000711200000| Complete 
| 187|0x0000000711300000, 0x0000000711400000, 0x0000000711400000|100%| E|CS|TAMS 0x0000000711300000, 0x0000000711300000| Complete 
| 188|0x0000000711400000, 0x0000000711500000, 0x0000000711500000|100%| E|CS|TAMS 0x0000000711400000, 0x0000000711400000| Complete 
| 189|0x0000000711500000, 0x0000000711600000, 0x0000000711600000|100%| E|CS|TAMS 0x0000000711500000, 0x0000000711500000| Complete 
| 190|0x0000000711600000, 0x0000000711700000, 0x0000000711700000|100%| E|CS|TAMS 0x0000000711600000, 0x0000000711600000| Complete 
| 191|0x0000000711700000, 0x0000000711800000, 0x0000000711800000|100%| E|CS|TAMS 0x0000000711700000, 0x0000000711700000| Complete 
| 192|0x0000000711800000, 0x0000000711900000, 0x0000000711900000|100%| E|CS|TAMS 0x0000000711800000, 0x0000000711800000| Complete 
| 193|0x0000000711900000, 0x0000000711a00000, 0x0000000711a00000|100%| E|CS|TAMS 0x0000000711900000, 0x0000000711900000| Complete 
| 194|0x0000000711a00000, 0x0000000711b00000, 0x0000000711b00000|100%| E|CS|TAMS 0x0000000711a00000, 0x0000000711a00000| Complete 
| 195|0x0000000711b00000, 0x0000000711c00000, 0x0000000711c00000|100%| E|CS|TAMS 0x0000000711b00000, 0x0000000711b00000| Complete 
| 196|0x0000000711c00000, 0x0000000711d00000, 0x0000000711d00000|100%| E|CS|TAMS 0x0000000711c00000, 0x0000000711c00000| Complete 
| 197|0x0000000711d00000, 0x0000000711e00000, 0x0000000711e00000|100%| E|CS|TAMS 0x0000000711d00000, 0x0000000711d00000| Complete 
| 198|0x0000000711e00000, 0x0000000711f00000, 0x0000000711f00000|100%| E|CS|TAMS 0x0000000711e00000, 0x0000000711e00000| Complete 
| 199|0x0000000711f00000, 0x0000000712000000, 0x0000000712000000|100%| E|CS|TAMS 0x0000000711f00000, 0x0000000711f00000| Complete 
| 200|0x0000000712000000, 0x0000000712100000, 0x0000000712100000|100%| E|CS|TAMS 0x0000000712000000, 0x0000000712000000| Complete 
| 201|0x0000000712100000, 0x0000000712200000, 0x0000000712200000|100%| E|CS|TAMS 0x0000000712100000, 0x0000000712100000| Complete 
| 202|0x0000000712200000, 0x0000000712300000, 0x0000000712300000|100%| E|CS|TAMS 0x0000000712200000, 0x0000000712200000| Complete 
| 203|0x0000000712300000, 0x0000000712400000, 0x0000000712400000|100%| E|CS|TAMS 0x0000000712300000, 0x0000000712300000| Complete 
| 204|0x0000000712400000, 0x0000000712500000, 0x0000000712500000|100%| E|CS|TAMS 0x0000000712400000, 0x0000000712400000| Complete 
| 205|0x0000000712500000, 0x0000000712600000, 0x0000000712600000|100%| E|CS|TAMS 0x0000000712500000, 0x0000000712500000| Complete 
| 206|0x0000000712600000, 0x0000000712700000, 0x0000000712700000|100%| E|CS|TAMS 0x0000000712600000, 0x0000000712600000| Complete 
| 207|0x0000000712700000, 0x0000000712800000, 0x0000000712800000|100%| E|CS|TAMS 0x0000000712700000, 0x0000000712700000| Complete 
| 208|0x0000000712800000, 0x0000000712900000, 0x0000000712900000|100%| E|CS|TAMS 0x0000000712800000, 0x0000000712800000| Complete 
| 209|0x0000000712900000, 0x0000000712a00000, 0x0000000712a00000|100%| E|CS|TAMS 0x0000000712900000, 0x0000000712900000| Complete 
| 210|0x0000000712a00000, 0x0000000712b00000, 0x0000000712b00000|100%| E|CS|TAMS 0x0000000712a00000, 0x0000000712a00000| Complete 
| 211|0x0000000712b00000, 0x0000000712c00000, 0x0000000712c00000|100%| E|CS|TAMS 0x0000000712b00000, 0x0000000712b00000| Complete 
| 212|0x0000000712c00000, 0x0000000712d00000, 0x0000000712d00000|100%| E|CS|TAMS 0x0000000712c00000, 0x0000000712c00000| Complete 
| 213|0x0000000712d00000, 0x0000000712e00000, 0x0000000712e00000|100%| E|CS|TAMS 0x0000000712d00000, 0x0000000712d00000| Complete 
| 214|0x0000000712e00000, 0x0000000712f00000, 0x0000000712f00000|100%| E|CS|TAMS 0x0000000712e00000, 0x0000000712e00000| Complete 
| 215|0x0000000712f00000, 0x0000000713000000, 0x0000000713000000|100%| E|CS|TAMS 0x0000000712f00000, 0x0000000712f00000| Complete 
| 216|0x0000000713000000, 0x0000000713100000, 0x0000000713100000|100%| E|CS|TAMS 0x0000000713000000, 0x0000000713000000| Complete 
| 217|0x0000000713100000, 0x0000000713200000, 0x0000000713200000|100%| E|CS|TAMS 0x0000000713100000, 0x0000000713100000| Complete 
| 218|0x0000000713200000, 0x0000000713300000, 0x0000000713300000|100%| E|CS|TAMS 0x0000000713200000, 0x0000000713200000| Complete 
| 219|0x0000000713300000, 0x0000000713400000, 0x0000000713400000|100%| E|CS|TAMS 0x0000000713300000, 0x0000000713300000| Complete 
| 220|0x0000000713400000, 0x0000000713500000, 0x0000000713500000|100%| E|CS|TAMS 0x0000000713400000, 0x0000000713400000| Complete 
| 221|0x0000000713500000, 0x0000000713600000, 0x0000000713600000|100%| E|CS|TAMS 0x0000000713500000, 0x0000000713500000| Complete 
| 222|0x0000000713600000, 0x0000000713700000, 0x0000000713700000|100%| E|CS|TAMS 0x0000000713600000, 0x0000000713600000| Complete 
| 223|0x0000000713700000, 0x0000000713800000, 0x0000000713800000|100%| E|CS|TAMS 0x0000000713700000, 0x0000000713700000| Complete 
| 224|0x0000000713800000, 0x0000000713900000, 0x0000000713900000|100%| E|CS|TAMS 0x0000000713800000, 0x0000000713800000| Complete 
| 225|0x0000000713900000, 0x0000000713a00000, 0x0000000713a00000|100%| E|CS|TAMS 0x0000000713900000, 0x0000000713900000| Complete 
| 226|0x0000000713a00000, 0x0000000713b00000, 0x0000000713b00000|100%| E|CS|TAMS 0x0000000713a00000, 0x0000000713a00000| Complete 
| 227|0x0000000713b00000, 0x0000000713c00000, 0x0000000713c00000|100%| E|CS|TAMS 0x0000000713b00000, 0x0000000713b00000| Complete 
| 228|0x0000000713c00000, 0x0000000713d00000, 0x0000000713d00000|100%| E|CS|TAMS 0x0000000713c00000, 0x0000000713c00000| Complete 
| 229|0x0000000713d00000, 0x0000000713e00000, 0x0000000713e00000|100%| E|CS|TAMS 0x0000000713d00000, 0x0000000713d00000| Complete 
| 230|0x0000000713e00000, 0x0000000713f00000, 0x0000000713f00000|100%| E|CS|TAMS 0x0000000713e00000, 0x0000000713e00000| Complete 
| 231|0x0000000713f00000, 0x0000000714000000, 0x0000000714000000|100%| E|CS|TAMS 0x0000000713f00000, 0x0000000713f00000| Complete 
| 232|0x0000000714000000, 0x0000000714100000, 0x0000000714100000|100%| E|CS|TAMS 0x0000000714000000, 0x0000000714000000| Complete 
| 233|0x0000000714100000, 0x0000000714200000, 0x0000000714200000|100%| E|CS|TAMS 0x0000000714100000, 0x0000000714100000| Complete 
| 234|0x0000000714200000, 0x0000000714300000, 0x0000000714300000|100%| E|CS|TAMS 0x0000000714200000, 0x0000000714200000| Complete 
| 235|0x0000000714300000, 0x0000000714400000, 0x0000000714400000|100%| E|CS|TAMS 0x0000000714300000, 0x0000000714300000| Complete 
| 236|0x0000000714400000, 0x0000000714500000, 0x0000000714500000|100%| E|CS|TAMS 0x0000000714400000, 0x0000000714400000| Complete 
| 237|0x0000000714500000, 0x0000000714600000, 0x0000000714600000|100%| E|CS|TAMS 0x0000000714500000, 0x0000000714500000| Complete 
| 238|0x0000000714600000, 0x0000000714700000, 0x0000000714700000|100%| E|CS|TAMS 0x0000000714600000, 0x0000000714600000| Complete 
| 239|0x0000000714700000, 0x0000000714800000, 0x0000000714800000|100%| E|CS|TAMS 0x0000000714700000, 0x0000000714700000| Complete 
| 240|0x0000000714800000, 0x0000000714900000, 0x0000000714900000|100%| E|CS|TAMS 0x0000000714800000, 0x0000000714800000| Complete 
| 241|0x0000000714900000, 0x0000000714a00000, 0x0000000714a00000|100%| E|CS|TAMS 0x0000000714900000, 0x0000000714900000| Complete 
| 242|0x0000000714a00000, 0x0000000714b00000, 0x0000000714b00000|100%| E|CS|TAMS 0x0000000714a00000, 0x0000000714a00000| Complete 
| 243|0x0000000714b00000, 0x0000000714c00000, 0x0000000714c00000|100%| E|CS|TAMS 0x0000000714b00000, 0x0000000714b00000| Complete 
| 244|0x0000000714c00000, 0x0000000714d00000, 0x0000000714d00000|100%| E|CS|TAMS 0x0000000714c00000, 0x0000000714c00000| Complete 
| 245|0x0000000714d00000, 0x0000000714e00000, 0x0000000714e00000|100%| E|CS|TAMS 0x0000000714d00000, 0x0000000714d00000| Complete 
| 246|0x0000000714e00000, 0x0000000714f00000, 0x0000000714f00000|100%| E|CS|TAMS 0x0000000714e00000, 0x0000000714e00000| Complete 
| 247|0x0000000714f00000, 0x0000000715000000, 0x0000000715000000|100%| E|CS|TAMS 0x0000000714f00000, 0x0000000714f00000| Complete 
| 248|0x0000000715000000, 0x0000000715100000, 0x0000000715100000|100%| E|CS|TAMS 0x0000000715000000, 0x0000000715000000| Complete 
| 249|0x0000000715100000, 0x0000000715200000, 0x0000000715200000|100%| E|CS|TAMS 0x0000000715100000, 0x0000000715100000| Complete 
| 250|0x0000000715200000, 0x0000000715300000, 0x0000000715300000|100%| E|CS|TAMS 0x0000000715200000, 0x0000000715200000| Complete 
| 251|0x0000000715300000, 0x0000000715400000, 0x0000000715400000|100%| E|CS|TAMS 0x0000000715300000, 0x0000000715300000| Complete 

Card table byte_map: [0x000001e4491d0000,0x000001e4499b0000] _byte_map_base: 0x000001e4459a4000

Marking Bits (Prev, Next): (CMBitMap*) 0x000001e435c012d8, (CMBitMap*) 0x000001e435c01310
 Prev Bits: [0x000001e44a190000, 0x000001e44e030000)
 Next Bits: [0x000001e44e030000, 0x000001e451ed0000)

Polling page: 0x000001e433ae0000

Metaspace:

Usage:
  Non-class:     49.15 MB capacity,    48.82 MB (>99%) used,   254.64 KB ( <1%) free+waste,    85.75 KB ( <1%) overhead. 
      Class:      6.37 MB capacity,     6.12 MB ( 96%) used,   219.38 KB (  3%) free+waste,    36.19 KB ( <1%) overhead. 
       Both:     55.53 MB capacity,    54.94 MB ( 99%) used,   474.02 KB ( <1%) free+waste,   121.94 KB ( <1%) overhead. 

Virtual space:
  Non-class space:       50.00 MB reserved,      49.25 MB ( 98%) committed 
      Class space:        1.00 GB reserved,       6.46 MB ( <1%) committed 
             Both:        1.05 GB reserved,      55.70 MB (  5%) committed 

Chunk freelists:
   Non-Class:  33.00 KB
       Class:  1.00 KB
        Both:  34.00 KB

MaxMetaspaceSize: 17179869184.00 GB
CompressedClassSpaceSize: 1.00 GB
Initial GC threshold: 20.80 MB
Current GC threshold: 59.09 MB
CDS: off

CodeHeap 'non-profiled nmethods': size=120000Kb used=2582Kb max_used=2582Kb free=117417Kb
 bounds [0x000001e441190000, 0x000001e441420000, 0x000001e4486c0000]
CodeHeap 'profiled nmethods': size=120000Kb used=14533Kb max_used=14533Kb free=105466Kb
 bounds [0x000001e439c60000, 0x000001e43aaa0000, 0x000001e441190000]
CodeHeap 'non-nmethods': size=5760Kb used=1296Kb max_used=1336Kb free=4463Kb
 bounds [0x000001e4396c0000, 0x000001e439930000, 0x000001e439c60000]
 total_blobs=6896 nmethods=6314 adapters=493
 compilation: enabled
              stopped_count=0, restarted_count=0
 full_count=0

Compilation events (20 events):
Event: 3.918 Thread 0x000001e455359800 nmethod 6277 0x000001e43aa27e10 code [0x000001e43aa27fc0, 0x000001e43aa280b8]
Event: 3.918 Thread 0x000001e455359800 6275       3       org.jetbrains.kotlin.builtins.KotlinBuiltIns::getBuiltInsModule (67 bytes)
Event: 3.918 Thread 0x000001e455359800 nmethod 6275 0x000001e43aa28190 code [0x000001e43aa28360, 0x000001e43aa28778]
Event: 3.918 Thread 0x000001e455359800 6279       3       org.jetbrains.kotlin.load.java.typeEnhancement.JavaTypeEnhancement::enhanceInflexible$default (36 bytes)
Event: 3.918 Thread 0x000001e455359800 nmethod 6279 0x000001e43aa28890 code [0x000001e43aa28a40, 0x000001e43aa28be8]
Event: 3.918 Thread 0x000001e455359800 6278       3       org.jetbrains.kotlin.types.checker.ClassicTypeSystemContext$DefaultImpls::getArgument (87 bytes)
Event: 3.919 Thread 0x000001e455359800 nmethod 6278 0x000001e43aa28d10 code [0x000001e43aa290e0, 0x000001e43aa2a958]
Event: 3.919 Thread 0x000001e455359800 6281       3       org.jetbrains.kotlin.load.java.structure.impl.classFiles.BinaryJavaClass::getAnnotationsByFqName (15 bytes)
Event: 3.919 Thread 0x000001e455359800 nmethod 6281 0x000001e43aa2b190 code [0x000001e43aa2b360, 0x000001e43aa2b648]
Event: 3.919 Thread 0x000001e455359800 6282       3       org.jetbrains.kotlin.resolve.jvm.kotlinSignature.SignaturesPropagationData::getSuperFunctionsForMethod (234 bytes)
Event: 3.921 Thread 0x000001e455359800 nmethod 6282 0x000001e43aa2b710 code [0x000001e43aa2be00, 0x000001e43aa2fa48]
Event: 3.921 Thread 0x000001e455359800 6283       3       java.lang.Enum::equals (11 bytes)
Event: 3.922 Thread 0x000001e455359800 nmethod 6283 0x000001e43aa31010 code [0x000001e43aa311c0, 0x000001e43aa31318]
Event: 3.922 Thread 0x000001e455359800 6280       3       org.jetbrains.kotlin.load.java.lazy.descriptors.LazyJavaAnnotationDescriptor::<init> (172 bytes)
Event: 3.923 Thread 0x000001e455359800 nmethod 6280 0x000001e43aa31390 code [0x000001e43aa31860, 0x000001e43aa33ec8]
Event: 3.923 Thread 0x000001e455359800 6284       3       org.jetbrains.kotlin.serialization.deserialization.descriptors.DeserializedAnnotations::iterator (10 bytes)
Event: 3.923 Thread 0x000001e455359800 nmethod 6284 0x000001e43aa34b10 code [0x000001e43aa34e00, 0x000001e43aa35c18]
Event: 3.923 Thread 0x000001e455359800 6286       3       org.jetbrains.kotlin.load.kotlin.MethodSignatureMappingKt::forceSingleValueParameterBoxing (249 bytes)
Event: 3.926 Thread 0x000001e455359800 nmethod 6286 0x000001e43aa36110 code [0x000001e43aa36960, 0x000001e43aa3b478]
Event: 3.926 Thread 0x000001e455359800 6289       3       org.jetbrains.kotlin.load.java.lazy.descriptors.LazyJavaScope::resolveMethodToFunctionDescriptor (484 bytes)

GC Heap History (12 events):
Event: 0.389 GC heap before
{Heap before GC invocations=0 (full 0):
 garbage-first heap   total 258048K, used 28672K [0x0000000705800000, 0x0000000800000000)
  region size 1024K, 24 young (24576K), 0 survivors (0K)
 Metaspace       used 12124K, capacity 12280K, committed 12544K, reserved 1060864K
  class space    used 1118K, capacity 1175K, committed 1280K, reserved 1048576K
}
Event: 0.391 GC heap after
{Heap after GC invocations=1 (full 0):
 garbage-first heap   total 258048K, used 6860K [0x0000000705800000, 0x0000000800000000)
  region size 1024K, 3 young (3072K), 3 survivors (3072K)
 Metaspace       used 12124K, capacity 12280K, committed 12544K, reserved 1060864K
  class space    used 1118K, capacity 1175K, committed 1280K, reserved 1048576K
}
Event: 0.841 GC heap before
{Heap before GC invocations=1 (full 0):
 garbage-first heap   total 258048K, used 45772K [0x0000000705800000, 0x0000000800000000)
  region size 1024K, 42 young (43008K), 3 survivors (3072K)
 Metaspace       used 20908K, capacity 21185K, committed 21248K, reserved 1069056K
  class space    used 2217K, capacity 2278K, committed 2304K, reserved 1048576K
}
Event: 0.850 GC heap after
{Heap after GC invocations=2 (full 0):
 garbage-first heap   total 258048K, used 10516K [0x0000000705800000, 0x0000000800000000)
  region size 1024K, 7 young (7168K), 7 survivors (7168K)
 Metaspace       used 20908K, capacity 21185K, committed 21248K, reserved 1069056K
  class space    used 2217K, capacity 2278K, committed 2304K, reserved 1048576K
}
Event: 1.552 GC heap before
{Heap before GC invocations=3 (full 0):
 garbage-first heap   total 258048K, used 70932K [0x0000000705800000, 0x0000000800000000)
  region size 1024K, 60 young (61440K), 7 survivors (7168K)
 Metaspace       used 31092K, capacity 31579K, committed 31868K, reserved 1077248K
  class space    used 3654K, capacity 3864K, committed 3968K, reserved 1048576K
}
Event: 1.561 GC heap after
{Heap after GC invocations=4 (full 0):
 garbage-first heap   total 258048K, used 25092K [0x0000000705800000, 0x0000000800000000)
  region size 1024K, 8 young (8192K), 8 survivors (8192K)
 Metaspace       used 31092K, capacity 31579K, committed 31868K, reserved 1077248K
  class space    used 3654K, capacity 3864K, committed 3968K, reserved 1048576K
}
Event: 1.624 GC heap before
{Heap before GC invocations=4 (full 0):
 garbage-first heap   total 258048K, used 29188K [0x0000000705800000, 0x0000000800000000)
  region size 1024K, 12 young (12288K), 8 survivors (8192K)
 Metaspace       used 32282K, capacity 32774K, committed 33148K, reserved 1079296K
  class space    used 3961K, capacity 4153K, committed 4224K, reserved 1048576K
}
Event: 1.629 GC heap after
{Heap after GC invocations=5 (full 0):
 garbage-first heap   total 258048K, used 26672K [0x0000000705800000, 0x0000000800000000)
  region size 1024K, 2 young (2048K), 2 survivors (2048K)
 Metaspace       used 32282K, capacity 32774K, committed 33148K, reserved 1079296K
  class space    used 3961K, capacity 4153K, committed 4224K, reserved 1048576K
}
Event: 1.822 GC heap before
{Heap before GC invocations=5 (full 0):
 garbage-first heap   total 258048K, used 38960K [0x0000000705800000, 0x0000000800000000)
  region size 1024K, 15 young (15360K), 2 survivors (2048K)
 Metaspace       used 35407K, capacity 35819K, committed 36048K, reserved 1081344K
  class space    used 4307K, capacity 4507K, committed 4564K, reserved 1048576K
}
Event: 1.824 GC heap after
{Heap after GC invocations=6 (full 0):
 garbage-first heap   total 258048K, used 26881K [0x0000000705800000, 0x0000000800000000)
  region size 1024K, 2 young (2048K), 2 survivors (2048K)
 Metaspace       used 35407K, capacity 35819K, committed 36048K, reserved 1081344K
  class space    used 4307K, capacity 4507K, committed 4564K, reserved 1048576K
}
Event: 2.995 GC heap before
{Heap before GC invocations=7 (full 0):
 garbage-first heap   total 258048K, used 134401K [0x0000000705800000, 0x0000000800000000)
  region size 1024K, 104 young (106496K), 2 survivors (2048K)
 Metaspace       used 50249K, capacity 50769K, committed 50896K, reserved 1093632K
  class space    used 5800K, capacity 6029K, committed 6100K, reserved 1048576K
}
Event: 3.002 GC heap after
{Heap after GC invocations=8 (full 0):
 garbage-first heap   total 258048K, used 36089K [0x0000000705800000, 0x0000000800000000)
  region size 1024K, 11 young (11264K), 11 survivors (11264K)
 Metaspace       used 50249K, capacity 50769K, committed 50896K, reserved 1093632K
  class space    used 5800K, capacity 6029K, committed 6100K, reserved 1048576K
}

Deoptimization events (20 events):
Event: 3.484 Thread 0x000001e435b9d000 Uncommon trap: trap_request=0xffffff4d fr.pc=0x000001e441302514 relative=0x0000000000000074
Event: 3.485 Thread 0x000001e435b9d000 Uncommon trap: reason=unstable_if action=reinterpret pc=0x000001e441302514 method=org.jetbrains.kotlin.parsing.AbstractKotlinParsing.tokenMatches(Lorg/jetbrains/kotlin/com/intellij/psi/tree/IElementType;Lorg/jetbrains/kotlin/com/intellij/psi/tree/IElement
Event: 3.485 Thread 0x000001e435b9d000 DEOPT PACKING pc=0x000001e441302514 sp=0x0000000f21ffb540
Event: 3.485 Thread 0x000001e435b9d000 DEOPT UNPACKING pc=0x000001e43970a1af sp=0x0000000f21ffb4c0 mode 2
Event: 3.578 Thread 0x000001e435b9d000 Uncommon trap: trap_request=0xffffff4d fr.pc=0x000001e4413cdfbc relative=0x0000000000001adc
Event: 3.578 Thread 0x000001e435b9d000 Uncommon trap: reason=unstable_if action=reinterpret pc=0x000001e4413cdfbc method=gnu.trove.THash.postInsertHook(Z)V @ 49 c2
Event: 3.578 Thread 0x000001e435b9d000 DEOPT PACKING pc=0x000001e4413cdfbc sp=0x0000000f21ffd400
Event: 3.578 Thread 0x000001e435b9d000 DEOPT UNPACKING pc=0x000001e43970a1af sp=0x0000000f21ffd3a8 mode 2
Event: 3.589 Thread 0x000001e435b9d000 Uncommon trap: trap_request=0xffffffde fr.pc=0x000001e441292b64 relative=0x0000000000000124
Event: 3.589 Thread 0x000001e435b9d000 Uncommon trap: reason=class_check action=maybe_recompile pc=0x000001e441292b64 method=java.util.ArrayList.hashCodeRange(II)I @ 53 c2
Event: 3.589 Thread 0x000001e435b9d000 DEOPT PACKING pc=0x000001e441292b64 sp=0x0000000f21ffd080
Event: 3.589 Thread 0x000001e435b9d000 DEOPT UNPACKING pc=0x000001e43970a1af sp=0x0000000f21ffcff0 mode 2
Event: 3.741 Thread 0x000001e435b9d000 Uncommon trap: trap_request=0xffffff4d fr.pc=0x000001e4413a6678 relative=0x0000000000004878
Event: 3.741 Thread 0x000001e435b9d000 Uncommon trap: reason=unstable_if action=reinterpret pc=0x000001e4413a6678 method=org.jetbrains.kotlin.load.java.structure.impl.classFiles.BinaryClassSignatureParser.parseTypeWithoutVarianceAndArray(Ljava/text/CharacterIterator;Lorg/jetbrains/kotlin/load/
Event: 3.741 Thread 0x000001e435b9d000 DEOPT PACKING pc=0x000001e4413a6678 sp=0x0000000f21ffb1b0
Event: 3.741 Thread 0x000001e435b9d000 DEOPT UNPACKING pc=0x000001e43970a1af sp=0x0000000f21ffb1d8 mode 2
Event: 3.907 Thread 0x000001e435b9d000 DEOPT PACKING pc=0x000001e43a7d8b7f sp=0x0000000f21ffc170
Event: 3.907 Thread 0x000001e435b9d000 DEOPT UNPACKING pc=0x000001e43970a95e sp=0x0000000f21ffb618 mode 0
Event: 3.910 Thread 0x000001e435b9d000 DEOPT PACKING pc=0x000001e43a7e9a50 sp=0x0000000f21ffcb00
Event: 3.910 Thread 0x000001e435b9d000 DEOPT UNPACKING pc=0x000001e43970a95e sp=0x0000000f21ffbff0 mode 0

Classes redefined (0 events):
No events

Internal exceptions (20 events):
Event: 1.045 Thread 0x000001e435b9d000 Exception <a 'java/lang/NoSuchMethodError'{0x0000000714546fc8}: 'java.lang.Object java.lang.invoke.DirectMethodHandle$Holder.invokeStatic(java.lang.Object, java.lang.Object, java.lang.Object, java.lang.Object, java.lang.Object, java.lang.Object, java.lang.Object, java.lang.Object, java.lang.Object, java.lang.Object, java.lang.Object, java.lang.Object, java.lang.Object, java.lang.Object, java.lang.Object)'> (0x0000000714546fc8) thrown at [src/hotspot/share/interpreter/linkResolver.cpp, line 773]
Event: 1.046 Thread 0x000001e435b9d000 Exception <a 'java/lang/NoSuchMethodError'{0x0000000714554fd0}: 'java.lang.Object java.lang.invoke.DirectMethodHandle$Holder.invokeStatic(java.lang.Object, java.lang.Object, java.lang.Object, java.lang.Object, java.lang.Object, java.lang.Object, java.lang.Object, java.lang.Object, java.lang.Object, java.lang.Object, java.lang.Object, java.lang.Object, java.lang.Object, java.lang.Object, java.lang.Object, java.lang.Object)'> (0x0000000714554fd0) thrown at [src/hotspot/share/interpreter/linkResolver.cpp, lin
Event: 1.047 Thread 0x000001e435b9d000 Exception <a 'java/lang/NoSuchMethodError'{0x0000000714562ee8}: 'java.lang.Object java.lang.invoke.DirectMethodHandle$Holder.invokeSpecial(java.lang.Object, java.lang.Object, int, int, java.lang.Object, java.lang.Object, java.lang.Object)'> (0x0000000714562ee8) thrown at [src/hotspot/share/interpreter/linkResolver.cpp, line 773]
Event: 1.047 Thread 0x000001e435b9d000 Exception <a 'java/lang/NoSuchMethodError'{0x0000000714566720}: 'java.lang.Object java.lang.invoke.DelegatingMethodHandle$Holder.reinvoke_L(java.lang.Object, int, int, java.lang.Object, java.lang.Object, java.lang.Object)'> (0x0000000714566720) thrown at [src/hotspot/share/interpreter/linkResolver.cpp, line 773]
Event: 1.047 Thread 0x000001e435b9d000 Exception <a 'java/lang/NoSuchMethodError'{0x000000071456aaa8}: 'java.lang.Object java.lang.invoke.DirectMethodHandle$Holder.invokeStatic(java.lang.Object, java.lang.Object, java.lang.Object, java.lang.Object, int)'> (0x000000071456aaa8) thrown at [src/hotspot/share/interpreter/linkResolver.cpp, line 773]
Event: 1.083 Thread 0x000001e435b9d000 Exception <a 'java/lang/NoSuchMethodError'{0x000000071448fa78}: 'void java.lang.invoke.DirectMethodHandle$Holder.invokeStatic(java.lang.Object, java.lang.Object, java.lang.Object, java.lang.Object)'> (0x000000071448fa78) thrown at [src/hotspot/share/interpreter/linkResolver.cpp, line 773]
Event: 1.156 Thread 0x000001e435b9d000 Exception <a 'java/lang/NoSuchMethodError'{0x0000000714076ec8}: 'void java.lang.invoke.DirectMethodHandle$Holder.invokeStaticInit(java.lang.Object, java.lang.Object)'> (0x0000000714076ec8) thrown at [src/hotspot/share/interpreter/linkResolver.cpp, line 773]
Event: 1.224 Thread 0x000001e435b9d000 Exception <a 'java/lang/NoSuchMethodError'{0x0000000713bd4e08}: 'void java.lang.invoke.DirectMethodHandle$Holder.invokeVirtual(java.lang.Object, java.lang.Object)'> (0x0000000713bd4e08) thrown at [src/hotspot/share/interpreter/linkResolver.cpp, line 773]
Event: 1.230 Thread 0x000001e435b9d000 Exception <a 'java/lang/NoSuchMethodError'{0x0000000713a2ad50}: 'int java.lang.invoke.DirectMethodHandle$Holder.invokeVirtual(java.lang.Object, java.lang.Object)'> (0x0000000713a2ad50) thrown at [src/hotspot/share/interpreter/linkResolver.cpp, line 773]
Event: 1.880 Thread 0x000001e435b9d000 Exception <a 'java/lang/NoSuchMethodError'{0x0000000715093168}: 'java.lang.Object java.lang.invoke.DirectMethodHandle$Holder.invokeVirtual(java.lang.Object, java.lang.Object, java.lang.Object)'> (0x0000000715093168) thrown at [src/hotspot/share/interpreter/linkResolver.cpp, line 773]
Event: 2.503 Thread 0x000001e435b9d000 Exception <a 'java/lang/NoSuchMethodError'{0x00000007124b9900}: 'java.lang.Object java.lang.invoke.Invokers$Holder.linkToTargetMethod(java.lang.Object, int, java.lang.Object)'> (0x00000007124b9900) thrown at [src/hotspot/share/interpreter/linkResolver.cpp, line 773]
Event: 2.604 Thread 0x000001e435b9d000 Implicit null exception at 0x000001e4412f9d4c to 0x000001e4412f9e34
Event: 2.632 Thread 0x000001e435b9d000 Exception <a 'java/lang/NoSuchMethodError'{0x0000000711eabcd8}: 'java.lang.Object java.lang.invoke.DirectMethodHandle$Holder.invokeStatic(java.lang.Object, java.lang.Object, java.lang.Object, int)'> (0x0000000711eabcd8) thrown at [src/hotspot/share/interpreter/linkResolver.cpp, line 773]
Event: 2.632 Thread 0x000001e435b9d000 Exception <a 'java/lang/NoSuchMethodError'{0x0000000711eaf948}: 'java.lang.Object java.lang.invoke.DirectMethodHandle$Holder.invokeSpecial(java.lang.Object, java.lang.Object, java.lang.Object, java.lang.Object, int)'> (0x0000000711eaf948) thrown at [src/hotspot/share/interpreter/linkResolver.cpp, line 773]
Event: 2.632 Thread 0x000001e435b9d000 Exception <a 'java/lang/NoSuchMethodError'{0x0000000711eb2c58}: 'java.lang.Object java.lang.invoke.Invokers$Holder.linkToTargetMethod(java.lang.Object, java.lang.Object, int, java.lang.Object)'> (0x0000000711eb2c58) thrown at [src/hotspot/share/interpreter/linkResolver.cpp, line 773]
Event: 3.072 Thread 0x000001e435b9d000 Exception <a 'java/lang/NoSuchMethodError'{0x0000000714f56e98}: 'java.lang.Object java.lang.invoke.Invokers$Holder.linkToTargetMethod(java.lang.Object, java.lang.Object, java.lang.Object, java.lang.Object, java.lang.Object, java.lang.Object)'> (0x0000000714f56e98) thrown at [src/hotspot/share/interpreter/linkResolver.cpp, line 773]
Event: 3.085 Thread 0x000001e435b9d000 Implicit null exception at 0x000001e441243cf5 to 0x000001e441243ee0
Event: 3.604 Thread 0x000001e435b9d000 Exception <a 'java/lang/NoSuchMethodError'{0x000000071187b000}: 'java.lang.Object java.lang.invoke.DirectMethodHandle$Holder.invokeSpecial(java.lang.Object, java.lang.Object, java.lang.Object, java.lang.Object, java.lang.Object, java.lang.Object, java.lang.Object, java.lang.Object, java.lang.Object)'> (0x000000071187b000) thrown at [src/hotspot/share/interpreter/linkResolver.cpp, line 773]
Event: 3.604 Thread 0x000001e435b9d000 Exception <a 'java/lang/NoSuchMethodError'{0x000000071187f1f8}: 'java.lang.Object java.lang.invoke.Invokers$Holder.linkToTargetMethod(java.lang.Object, java.lang.Object, java.lang.Object, java.lang.Object, java.lang.Object, java.lang.Object, java.lang.Object, java.lang.Object)'> (0x000000071187f1f8) thrown at [src/hotspot/share/interpreter/linkResolver.cpp, line 773]
Event: 3.663 Thread 0x000001e435b9d000 Exception <a 'java/lang/NoSuchMethodError'{0x00000007114b6e78}: 'java.lang.Object java.lang.invoke.DirectMethodHandle$Holder.invokeStaticInit(java.lang.Object, java.lang.Object, java.lang.Object)'> (0x00000007114b6e78) thrown at [src/hotspot/share/interpreter/linkResolver.cpp, line 773]

Events (20 events):
Event: 3.812 loading class org/jetbrains/kotlin/load/java/lazy/types/RawSubstitution$eraseInflexibleBasedOnClassDescriptor$2
Event: 3.812 loading class org/jetbrains/kotlin/load/java/lazy/types/RawSubstitution$eraseInflexibleBasedOnClassDescriptor$2 done
Event: 3.812 loading class org/jetbrains/kotlin/types/StarProjectionImpl
Event: 3.812 loading class org/jetbrains/kotlin/types/StarProjectionImpl done
Event: 3.812 loading class org/jetbrains/kotlin/types/StarProjectionImpl$_type$2
Event: 3.812 loading class org/jetbrains/kotlin/types/StarProjectionImpl$_type$2 done
Event: 3.813 loading class org/jetbrains/kotlin/load/java/lazy/types/RawTypeImpl
Event: 3.813 loading class org/jetbrains/kotlin/load/java/lazy/types/RawTypeImpl done
Event: 3.814 loading class org/jetbrains/kotlin/descriptors/impl/FunctionDescriptorImpl$1
Event: 3.814 loading class org/jetbrains/kotlin/descriptors/impl/FunctionDescriptorImpl$1 done
Event: 3.817 loading class org/jetbrains/kotlin/types/checker/NewCapturedTypeConstructor$_supertypes$2
Event: 3.817 loading class org/jetbrains/kotlin/types/checker/NewCapturedTypeConstructor$_supertypes$2 done
Event: 3.818 loading class org/jetbrains/kotlin/types/checker/NewCapturedTypeConstructor$initializeSupertypes$2
Event: 3.818 loading class org/jetbrains/kotlin/types/checker/NewCapturedTypeConstructor$initializeSupertypes$2 done
Event: 3.836 loading class org/jetbrains/kotlin/types/checker/ClassicTypeSystemContext$substitutionSupertypePolicy$2
Event: 3.836 loading class org/jetbrains/kotlin/types/checker/ClassicTypeSystemContext$substitutionSupertypePolicy$2 done
Event: 3.836 loading class org/jetbrains/kotlin/types/TypeCheckerState$SupertypesPolicy$DoCustomTransform
Event: 3.836 loading class org/jetbrains/kotlin/types/TypeCheckerState$SupertypesPolicy$DoCustomTransform done
Event: 3.845 Executing VM operation: ICBufferFull
Event: 3.845 Executing VM operation: ICBufferFull done


Dynamic libraries:
0x00007ff7b07f0000 - 0x00007ff7b07fa000 	C:\Program Files\Android\Android Studio\jbr\bin\java.exe
0x00007ffdede10000 - 0x00007ffdee024000 	C:\WINDOWS\SYSTEM32\ntdll.dll
0x00007ffdecf80000 - 0x00007ffded042000 	C:\WINDOWS\System32\KERNEL32.DLL
0x00007ffdeb250000 - 0x00007ffdeb5ec000 	C:\WINDOWS\System32\KERNELBASE.dll
0x00007ffdeb940000 - 0x00007ffdeba51000 	C:\WINDOWS\System32\ucrtbase.dll
0x00007ffdcbee0000 - 0x00007ffdcbefb000 	C:\Program Files\Android\Android Studio\jbr\bin\VCRUNTIME140.dll
0x00007ffdc9ab0000 - 0x00007ffdc9ac7000 	C:\Program Files\Android\Android Studio\jbr\bin\jli.dll
0x00007ffdd6700000 - 0x00007ffdd698e000 	C:\WINDOWS\WinSxS\amd64_microsoft.windows.common-controls_6595b64144ccf1df_6.0.22621.608_none_a9444ca7c10bb01d\COMCTL32.dll
0x00007ffdebc20000 - 0x00007ffdebdcb000 	C:\WINDOWS\System32\USER32.dll
0x00007ffdeb6b0000 - 0x00007ffdeb6d6000 	C:\WINDOWS\System32\win32u.dll
0x00007ffded050000 - 0x00007ffded0f7000 	C:\WINDOWS\System32\msvcrt.dll
0x00007ffdec660000 - 0x00007ffdec689000 	C:\WINDOWS\System32\GDI32.dll
0x00007ffdebb00000 - 0x00007ffdebc13000 	C:\WINDOWS\System32\gdi32full.dll
0x00007ffdeba60000 - 0x00007ffdebafa000 	C:\WINDOWS\System32\msvcp_win.dll
0x00007ffdec100000 - 0x00007ffdec131000 	C:\WINDOWS\System32\IMM32.DLL
0x00007ffdd8a60000 - 0x00007ffdd8a6c000 	C:\Program Files\Android\Android Studio\jbr\bin\vcruntime140_1.dll
0x00007ffd95a90000 - 0x00007ffd95b1d000 	C:\Program Files\Android\Android Studio\jbr\bin\msvcp140.dll
0x00007ffd82d30000 - 0x00007ffd838ec000 	C:\Program Files\Android\Android Studio\jbr\bin\server\jvm.dll
0x00007ffdedb30000 - 0x00007ffdedbde000 	C:\WINDOWS\System32\ADVAPI32.dll
0x00007ffdedc30000 - 0x00007ffdedcd4000 	C:\WINDOWS\System32\sechost.dll
0x00007ffdebe30000 - 0x00007ffdebf47000 	C:\WINDOWS\System32\RPCRT4.dll
0x00007ffded6a0000 - 0x00007ffded6a8000 	C:\WINDOWS\System32\PSAPI.DLL
0x00007ffde66f0000 - 0x00007ffde66f9000 	C:\WINDOWS\SYSTEM32\WSOCK32.dll
0x00007ffddb140000 - 0x00007ffddb174000 	C:\WINDOWS\SYSTEM32\WINMM.dll
0x00007ffde4a90000 - 0x00007ffde4a9a000 	C:\WINDOWS\SYSTEM32\VERSION.dll
0x00007ffdec140000 - 0x00007ffdec1b1000 	C:\WINDOWS\System32\WS2_32.dll
0x00007ffdea2a0000 - 0x00007ffdea2b8000 	C:\WINDOWS\SYSTEM32\kernel.appcore.dll
0x00007ffddd350000 - 0x00007ffddd360000 	C:\Program Files\Android\Android Studio\jbr\bin\verify.dll
0x00007ffdd6a00000 - 0x00007ffdd6c2e000 	C:\WINDOWS\SYSTEM32\DBGHELP.DLL
0x00007ffdec1d0000 - 0x00007ffdec559000 	C:\WINDOWS\System32\combase.dll
0x00007ffded400000 - 0x00007ffded4d7000 	C:\WINDOWS\System32\OLEAUT32.dll
0x00007ffdd66c0000 - 0x00007ffdd66f2000 	C:\WINDOWS\SYSTEM32\dbgcore.DLL
0x00007ffdeb6e0000 - 0x00007ffdeb75b000 	C:\WINDOWS\System32\bcryptPrimitives.dll
0x00007ffddc8f0000 - 0x00007ffddc918000 	C:\Program Files\Android\Android Studio\jbr\bin\java.dll
0x00007ffddc780000 - 0x00007ffddc78a000 	C:\Program Files\Android\Android Studio\jbr\bin\jimage.dll
0x00007ffdd8b20000 - 0x00007ffdd8b38000 	C:\Program Files\Android\Android Studio\jbr\bin\zip.dll
0x00007ffdec790000 - 0x00007ffdecf80000 	C:\WINDOWS\System32\SHELL32.dll
0x00007ffde9260000 - 0x00007ffde9b2d000 	C:\WINDOWS\SYSTEM32\windows.storage.dll
0x00007ffde9120000 - 0x00007ffde925e000 	C:\WINDOWS\SYSTEM32\wintypes.dll
0x00007ffdec560000 - 0x00007ffdec651000 	C:\WINDOWS\System32\SHCORE.dll
0x00007ffdebdd0000 - 0x00007ffdebe2e000 	C:\WINDOWS\System32\shlwapi.dll
0x00007ffdeb180000 - 0x00007ffdeb1a1000 	C:\WINDOWS\SYSTEM32\profapi.dll
0x00007ffdd8a90000 - 0x00007ffdd8aa9000 	C:\Program Files\Android\Android Studio\jbr\bin\net.dll
0x00007ffde4620000 - 0x00007ffde4757000 	C:\WINDOWS\SYSTEM32\WINHTTP.dll
0x00007ffdea710000 - 0x00007ffdea779000 	C:\WINDOWS\system32\mswsock.dll
0x00007ffdd8990000 - 0x00007ffdd89a3000 	C:\Program Files\Android\Android Studio\jbr\bin\nio.dll

dbghelp: loaded successfully - version: 4.0.5 - missing functions: none
symbol engine: initialized successfully - sym options: 0x614 - pdb path: .;C:\Program Files\Android\Android Studio\jbr\bin;C:\WINDOWS\SYSTEM32;C:\WINDOWS\WinSxS\amd64_microsoft.windows.common-controls_6595b64144ccf1df_6.0.22621.608_none_a9444ca7c10bb01d;C:\Program Files\Android\Android Studio\jbr\bin\server

VM Arguments:
java_command: org.jetbrains.kotlin.cli.jvm.K2JVMCompiler @C:\Users\LEGA\AndroidStudioProjects\IPN\app\build\20230501_8478128861679298401.compiler.options
java_class_path (initial): C:\Users\LEGA\.gradle\caches\modules-2\files-2.1\org.jetbrains.kotlin\kotlin-compiler-embeddable\1.8.10\b0757fd774344d54ce93f5ad6c30ba1c1731c8ff\kotlin-compiler-embeddable-1.8.10.jar;C:\Users\LEGA\.gradle\caches\modules-2\files-2.1\org.jetbrains.kotlin\kotlin-stdlib\1.8.10\6d5560a229477df9406943d5feda5618e98eb64c\kotlin-stdlib-1.8.10.jar;C:\Users\LEGA\.gradle\caches\modules-2\files-2.1\org.jetbrains.kotlin\kotlin-script-runtime\1.8.10\b13ea9c7e46d589139e56086a878763290e20bd5\kotlin-script-runtime-1.8.10.jar;C:\Users\LEGA\.gradle\caches\modules-2\files-2.1\org.jetbrains.kotlin\kotlin-reflect\1.6.10\1cbe9c92c12a94eea200d23c2bbaedaf3daf5132\kotlin-reflect-1.6.10.jar;C:\Users\LEGA\.gradle\caches\modules-2\files-2.1\org.jetbrains.kotlin\kotlin-daemon-embeddable\1.8.10\ad8541d9bc1cf9e52c3204161247910c2cf601d4\kotlin-daemon-embeddable-1.8.10.jar;C:\Users\LEGA\.gradle\caches\modules-2\files-2.1\org.jetbrains.intellij.deps\trove4j\1.0.20200330\3afb14d5f9ceb459d724e907a21145e8ff394f02\trove4j-1.0.20200330.jar;C:\Users\LEGA\.gradle\caches\modules-2\files-2.1\net.java.dev.jna\jna\5.6.0\330f2244e9030119ab3030fc3fededc86713d9cc\jna-5.6.0.jar;C:\Users\LEGA\.gradle\caches\modules-2\files-2.1\org.jetbrains.kotlin\kotlin-stdlib-common\1.8.10\a61b182458550492c12aee66157d7b524a63a5ec\kotlin-stdlib-common-1.8.10.jar;C:\Users\LEGA\.gradle\caches\modules-2\files-2.1\org.jetbrains\annotations\13.0\919f0dfe192fb4e063e7dacadee7f8bb9a2672a9\annotations-13.0.jar
Launcher Type: SUN_STANDARD

[Global flags]
     intx CICompilerCount                          = 4                                         {product} {ergonomic}
     uint ConcGCThreads                            = 2                                         {product} {ergonomic}
     uint G1ConcRefinementThreads                  = 8                                         {product} {ergonomic}
   size_t G1HeapRegionSize                         = 1048576                                   {product} {ergonomic}
    uintx GCDrainStackTargetSize                   = 64                                        {product} {ergonomic}
   size_t InitialHeapSize                          = 264241152                                 {product} {ergonomic}
   size_t MarkStackSize                            = 4194304                                   {product} {ergonomic}
   size_t MaxHeapSize                              = 4202692608                                {product} {ergonomic}
   size_t MaxNewSize                               = 2520776704                                {product} {ergonomic}
   size_t MinHeapDeltaBytes                        = 1048576                                   {product} {ergonomic}
    uintx NonNMethodCodeHeapSize                   = 5836300                                {pd product} {ergonomic}
    uintx NonProfiledCodeHeapSize                  = 122910970                              {pd product} {ergonomic}
    uintx ProfiledCodeHeapSize                     = 122910970                              {pd product} {ergonomic}
    uintx ReservedCodeCacheSize                    = 251658240                              {pd product} {ergonomic}
     bool SegmentedCodeCache                       = true                                      {product} {ergonomic}
     bool UseCompressedClassPointers               = true                                 {lp64_product} {ergonomic}
     bool UseCompressedOops                        = true                                 {lp64_product} {ergonomic}
     bool UseG1GC                                  = true                                      {product} {ergonomic}
     bool UseLargePagesIndividualAllocation        = false                                  {pd product} {ergonomic}

Logging:
Log output configuration:
 #0: stdout all=warning uptime,level,tags
 #1: stderr all=off uptime,level,tags

Environment Variables:
PATH=C:\Program Files\Common Files\Oracle\Java\javapath;C:\Program Files (x86)\Common Files\Oracle\Java\javapath;C:\Program Files (x86)\Common Files\Intel\Shared Libraries\redist\intel64\compiler;C:\WINDOWS\system32;C:\WINDOWS;C:\WINDOWS\System32\Wbem;C:\WINDOWS\System32\WindowsPowerShell\v1.0\;C:\WINDOWS\System32\OpenSSH\;E:\Phrase;C:\Program Files\dotnet\;C:\Program Files (x86)\dotnet\;E:\MatLab\bin;C:\Program Files\Git\cmd;C:\Program Files\nodejs\;C:\Users\LEGA\AppData\Local\Microsoft\WindowsApps;E:\Microsoft VS Code\bin;E:\Downloads\node-v18.15.0-win-x64;C:\Users\LEGA\AppData\Roaming\npm;
USERNAME=LEGA
OS=Windows_NT
PROCESSOR_IDENTIFIER=Intel64 Family 6 Model 165 Stepping 3, GenuineIntel



---------------  S Y S T E M  ---------------

OS: Windows 11 , 64 bit Build 22621 (10.0.22621.1485)
OS uptime: 2 days 11:49 hours

CPU:total 8 (initial active 8) (4 cores per cpu, 2 threads per core) family 6 model 165 stepping 3 microcode 0xe0, cmov, cx8, fxsr, mmx, sse, sse2, sse3, ssse3, sse4.1, sse4.2, popcnt, avx, avx2, aes, clmul, erms, 3dnowpref, lzcnt, ht, tsc, tscinvbit, bmi1, bmi2, adx, fma

Memory: 4k page, system-wide physical 16029M (444M free)
TotalPageFile size 44546M (AvailPageFile size 6M)
current process WorkingSet (physical memory assigned to process): 329M, peak: 331M
current process commit charge ("private bytes"): 480M, peak: 481M

vm_info: OpenJDK 64-Bit Server VM (11.0.15+0-b2043.56-9505619) for windows-amd64 JRE (11.0.15+0-b2043.56-9505619), built on Jan 19 2023 02:48:00 by "builduser" with unknown MS VC++:1929

END.
